TN:
SF:/workspaces/ethereum/gamma-strategies/gamma-gmx-fuzzing/contracts/KeeperProxy.sol
DA:1,0
DA:35,0
DA:37,0
DA:38,0
DA:40,0
DA:41,0
DA:48,0
DA:49,0
DA:50,0
DA:51,0
DA:52,0
DA:65,0
DA:73,0
DA:74,0
DA:84,0
DA:85,0
DA:86,0
DA:93,0
DA:94,0
DA:102,0
DA:103,0
DA:106,0
DA:107,0
DA:116,0
DA:117,0
DA:118,0
DA:119,0
DA:127,0
DA:128,0
DA:129,0
DA:132,0
DA:133,0
DA:134,0
DA:143,0
DA:145,0
DA:147,0
DA:148,0
DA:151,0
DA:152,0
DA:153,0
DA:155,0
DA:156,0
DA:158,0
DA:159,0
DA:160,0
DA:162,0
DA:163,0
DA:164,0
DA:165,0
DA:166,0
DA:167,0
DA:176,0
DA:178,0
DA:179,0
DA:180,0
DA:181,0
DA:182,0
DA:192,0
DA:193,0
DA:194,0
end_of_record

SF:/workspaces/ethereum/gamma-strategies/gamma-gmx-fuzzing/contracts/MockParaswapUtils.sol
DA:11,0
DA:17,0
DA:18,0
DA:19,0
DA:20,0
DA:23,8
DA:24,6
DA:25,62
DA:26,1
DA:27,1
DA:29,6
DA:30,6
DA:32,15
DA:33,68
DA:34,23
DA:37,4
DA:40,1
DA:41,20
DA:42,20
DA:44,1
DA:46,6
DA:48,10
end_of_record

SF:/workspaces/ethereum/gamma-strategies/gamma-gmx-fuzzing/contracts/PerpetualVault.sol
DA:31,0
DA:78,0
DA:81,0
DA:82,4
DA:84,32
DA:85,32
DA:86,111
DA:89,0
DA:90,41
DA:91,41
DA:92,0
DA:94,0
DA:95,41
DA:96,32
DA:97,32
DA:98,32
DA:99,32
DA:100,0
DA:101,0
DA:102,0
DA:103,32
DA:104,0
DA:106,142
DA:107,41
DA:109,41
DA:110,41
DA:113,58
DA:115,0
DA:148,60
DA:154,137
DA:160,147
DA:175,0
DA:183,0
DA:184,0
DA:185,0
DA:186,0
DA:187,0
DA:188,0
DA:189,0
DA:190,0
DA:191,0
DA:192,0
DA:193,0
DA:194,0
DA:195,0
DA:196,0
DA:197,0
DA:198,0
DA:199,0
DA:200,0
DA:201,0
DA:202,0
DA:203,0
DA:204,0
DA:205,0
DA:216,0
DA:220,0
DA:221,0
DA:223,0
DA:224,0
DA:225,0
DA:228,0
DA:229,0
DA:230,0
DA:231,0
DA:232,0
DA:233,0
DA:234,0
DA:235,0
DA:236,0
DA:238,0
DA:239,0
DA:241,0
DA:242,0
DA:243,0
DA:245,0
DA:247,0
DA:248,0
DA:259,0
DA:264,0
DA:265,0
DA:267,0
DA:268,0
DA:269,0
DA:272,0
DA:273,0
DA:276,0
DA:278,0
DA:279,0
DA:280,0
DA:281,0
DA:282,0
DA:284,0
DA:296,0
DA:305,0
DA:306,0
DA:309,0
DA:310,0
DA:311,0
DA:313,0
DA:314,0
DA:315,0
DA:316,0
DA:317,0
DA:318,0
DA:319,0
DA:320,0
DA:323,0
DA:326,0
DA:327,0
DA:330,0
DA:331,0
DA:332,0
DA:333,0
DA:334,0
DA:335,0
DA:336,0
DA:339,0
DA:340,0
DA:341,0
DA:342,0
DA:343,0
DA:349,0
DA:350,0
DA:351,0
DA:352,0
DA:353,0
DA:354,0
DA:357,0
DA:360,0
DA:371,0
DA:374,0
DA:376,0
DA:377,0
DA:378,0
DA:379,0
DA:380,0
DA:381,0
DA:385,0
DA:386,0
DA:387,0
DA:390,0
DA:391,0
DA:392,0
DA:395,0
DA:396,0
DA:398,0
DA:399,0
DA:401,0
DA:404,0
DA:405,0
DA:406,0
DA:409,0
DA:410,0
DA:412,0
DA:414,0
DA:415,0
DA:416,0
DA:417,0
DA:420,0
DA:421,0
DA:422,0
DA:423,0
DA:424,0
DA:425,0
DA:427,0
DA:428,0
DA:429,0
DA:430,0
DA:431,0
DA:432,0
DA:433,0
DA:434,0
DA:442,17
DA:443,49
DA:444,5
DA:445,23
DA:446,26
DA:447,17
DA:449,30
DA:450,5
DA:451,43
DA:452,1
DA:456,12
DA:457,24
DA:458,0
DA:459,0
DA:460,0
DA:464,71
DA:465,29
DA:466,8
DA:467,26
DA:474,0
DA:475,0
DA:476,0
DA:487,0
DA:489,0
DA:490,0
DA:491,0
DA:492,0
DA:493,0
DA:495,0
DA:496,0
DA:497,0
DA:498,0
DA:499,0
DA:511,0
DA:516,0
DA:517,0
DA:519,0
DA:521,0
DA:522,0
DA:523,0
DA:525,0
DA:527,0
DA:528,0
DA:529,0
DA:530,0
DA:531,0
DA:532,0
DA:533,0
DA:534,0
DA:535,0
DA:537,0
DA:538,0
DA:539,0
DA:540,0
DA:541,0
DA:543,0
DA:545,0
DA:547,0
DA:548,0
DA:549,0
DA:550,0
DA:551,0
DA:552,0
DA:554,0
DA:555,0
DA:556,0
DA:557,0
DA:558,0
DA:559,0
DA:560,0
DA:561,0
DA:562,0
DA:566,0
DA:567,0
DA:569,0
DA:570,0
DA:571,0
DA:572,0
DA:573,0
DA:574,0
DA:575,0
DA:576,0
DA:579,0
DA:580,0
DA:581,0
DA:582,0
DA:583,0
DA:587,0
DA:588,0
DA:589,0
DA:590,0
DA:591,0
DA:592,0
DA:593,0
DA:594,0
DA:598,0
DA:599,0
DA:601,0
DA:606,0
DA:616,0
DA:621,0
DA:622,0
DA:623,0
DA:625,0
DA:626,0
DA:628,0
DA:630,0
DA:631,0
DA:632,0
DA:635,0
DA:636,0
DA:637,0
DA:638,0
DA:639,0
DA:642,0
DA:643,0
DA:646,0
DA:649,0
DA:665,0
DA:667,0
DA:668,0
DA:675,57
DA:680,7
DA:682,79
DA:683,2
DA:684,1
DA:686,15
DA:687,11
DA:688,11
DA:689,4
DA:690,4
DA:691,4
DA:692,4
DA:693,4
DA:702,45
DA:704,2
DA:705,25
DA:706,49
DA:707,14
DA:708,46
DA:710,5
DA:719,45
DA:721,1
DA:722,20
DA:723,24
DA:724,78
DA:725,1
DA:726,2
DA:729,8
DA:730,78
DA:731,1
DA:732,2
DA:736,2
DA:737,82
DA:738,1
DA:739,2
DA:741,1
DA:751,0
DA:752,0
DA:753,0
DA:754,0
DA:755,0
DA:756,0
DA:757,0
DA:759,0
DA:767,31
DA:768,30
DA:775,31
DA:776,13
DA:783,0
DA:784,0
DA:785,0
DA:792,0
DA:793,0
DA:794,0
DA:797,0
DA:798,0
DA:805,0
DA:806,0
DA:813,0
DA:814,0
DA:815,0
DA:822,0
DA:823,0
DA:824,0
DA:831,0
DA:832,0
DA:833,0
DA:840,0
DA:841,0
DA:855,6
DA:856,1
DA:857,10
DA:858,26
DA:859,1
DA:860,1
DA:862,7
DA:863,23
DA:864,17
DA:866,2
DA:867,82
DA:868,1
DA:870,119
DA:872,18
DA:874,21
DA:875,14
DA:877,5
DA:878,0
DA:879,0
DA:880,0
DA:881,0
DA:882,0
DA:887,48
DA:894,3
DA:895,5
DA:896,43
DA:897,1
DA:899,30
DA:900,71
DA:907,2
DA:908,165
DA:915,5
DA:916,30
DA:917,15
DA:919,7
DA:920,7
DA:921,45
DA:922,21
DA:931,5
DA:933,1
DA:934,86
DA:935,2
DA:936,1
DA:938,103
DA:939,7
DA:940,7
DA:941,76
DA:942,10
DA:943,7
DA:944,5
DA:951,5
DA:952,79
DA:953,7
DA:954,6
DA:956,4
DA:968,0
DA:972,0
DA:975,0
DA:976,0
DA:977,0
DA:978,0
DA:979,0
DA:981,0
DA:984,0
DA:985,0
DA:986,0
DA:987,0
DA:988,0
DA:989,0
DA:990,0
DA:991,0
DA:992,0
DA:993,0
DA:994,0
DA:995,0
DA:996,0
DA:997,0
DA:998,0
DA:999,0
DA:1000,0
DA:1002,0
DA:1003,0
DA:1015,0
DA:1020,0
DA:1021,0
DA:1022,0
DA:1023,0
DA:1024,0
DA:1025,0
DA:1026,0
DA:1027,0
DA:1028,0
DA:1029,0
DA:1030,0
DA:1031,0
DA:1034,0
DA:1036,0
DA:1037,0
DA:1038,0
DA:1039,0
DA:1040,0
DA:1041,0
DA:1042,0
DA:1043,0
DA:1044,0
DA:1045,0
DA:1046,0
DA:1047,0
DA:1049,0
DA:1050,0
DA:1061,3
DA:1062,62
DA:1063,11
DA:1064,11
DA:1065,11
DA:1066,29
DA:1067,11
DA:1068,1
DA:1069,1
DA:1070,1
DA:1071,2
DA:1072,1
DA:1073,1
DA:1075,21
DA:1076,78
DA:1087,7
DA:1090,1
DA:1091,7
DA:1092,7
DA:1093,20
DA:1094,15
DA:1097,20
DA:1098,7
DA:1099,10
DA:1100,6
DA:1102,37
DA:1103,20
DA:1105,6
DA:1106,7
DA:1108,7
DA:1109,20
DA:1110,15
DA:1113,20
DA:1114,0
DA:1117,0
DA:1119,0
DA:1120,0
DA:1121,0
DA:1122,0
DA:1124,0
DA:1125,0
DA:1126,0
DA:1127,0
DA:1128,0
DA:1132,0
DA:1133,0
DA:1135,0
DA:1139,0
DA:1141,6
DA:1142,5
DA:1153,0
DA:1156,0
DA:1158,0
DA:1159,0
DA:1162,0
DA:1163,0
DA:1164,0
DA:1165,0
DA:1166,0
DA:1168,0
DA:1169,0
DA:1171,0
DA:1172,0
DA:1173,0
DA:1174,0
DA:1175,0
DA:1176,0
DA:1177,0
DA:1178,0
DA:1187,0
DA:1190,0
DA:1191,0
DA:1192,0
DA:1193,0
DA:1194,0
DA:1195,0
DA:1196,0
DA:1197,0
DA:1198,0
DA:1200,0
DA:1201,0
DA:1202,0
DA:1204,0
DA:1206,0
DA:1208,0
DA:1209,0
DA:1210,0
DA:1211,0
DA:1212,0
DA:1213,0
DA:1214,0
DA:1215,0
DA:1216,0
DA:1217,0
DA:1218,0
DA:1219,0
DA:1221,0
DA:1222,0
DA:1231,5
DA:1232,20
DA:1233,6
DA:1235,18
DA:1236,7
DA:1237,25
DA:1239,91
DA:1240,3
DA:1241,28
DA:1243,37
DA:1244,6
DA:1245,79
DA:1246,3
DA:1247,19
DA:1248,3
DA:1249,20
DA:1250,2
DA:1252,86
DA:1253,11
DA:1254,1
DA:1255,1
DA:1256,6
DA:1257,80
DA:1258,2
DA:1259,1
DA:1260,1
DA:1262,10
DA:1263,2
DA:1264,13
DA:1265,1
DA:1266,12
DA:1267,6
DA:1269,10
DA:1271,18
DA:1272,4
DA:1273,1
DA:1274,1
DA:1275,11
DA:1276,1
DA:1288,5
DA:1292,3
DA:1293,110
DA:1294,20
DA:1295,1
DA:1296,8
DA:1297,2
DA:1298,89
DA:1299,2
DA:1300,1
DA:1301,84
DA:1302,1
DA:1303,1
DA:1304,2
DA:1305,7
DA:1306,14
DA:1307,2
DA:1309,7
DA:1310,6
DA:1312,19
DA:1313,1
DA:1314,26
DA:1315,17
DA:1316,1
DA:1318,5
DA:1320,5
DA:1321,0
DA:1322,0
DA:1323,0
DA:1324,0
DA:1325,0
DA:1331,31
DA:1332,8
DA:1333,26
DA:1340,5
DA:1341,1
DA:1342,23
DA:1343,2
DA:1344,38
DA:1347,7
DA:1348,35
DA:1351,5
DA:1352,78
DA:1353,26
DA:1354,8
DA:1357,0
DA:1358,0
DA:1359,0
DA:1360,0
DA:1363,35
DA:1365,29
DA:1374,5
DA:1379,30
DA:1380,21
DA:1381,10
DA:1382,6
DA:1383,21
DA:1385,22
DA:1388,32
DA:1389,8
DA:1390,26
DA:1392,31
DA:1395,3
DA:1396,37
DA:1397,6
DA:1398,1
DA:1399,1
DA:1400,1
DA:1401,15
DA:1402,85
DA:1403,1
DA:1404,7
DA:1406,31
DA:1407,8
DA:1408,26
DA:1418,6
DA:1421,1
DA:1422,11
end_of_record

SF:/workspaces/ethereum/gamma-strategies/gamma-gmx-fuzzing/contracts/PerpetualVaultLens.sol
DA:9,387
DA:13,41
DA:15,36
DA:16,7
DA:17,7
DA:20,31
DA:21,13
DA:24,0
DA:25,0
DA:27,0
DA:28,0
DA:29,0
DA:33,31
DA:34,30
DA:35,17
DA:38,33
DA:44,1
DA:45,12
DA:46,4
DA:49,9
DA:55,1
DA:56,3
DA:57,17
DA:60,21
DA:62,26
DA:63,35
DA:64,80
DA:66,8
DA:67,18
DA:68,26
DA:69,13
DA:70,7
DA:71,1
DA:73,17
DA:74,15
DA:77,7
DA:80,20
DA:81,19
DA:84,28
DA:85,37
DA:86,24
DA:87,7
DA:88,1
DA:89,17
DA:90,15
DA:93,4
DA:94,1
DA:95,1
DA:96,11
DA:97,1
DA:103,23
DA:104,24
DA:105,7
DA:106,1
DA:107,17
DA:108,15
DA:111,18
DA:114,19
DA:117,3
DA:120,30
DA:123,1
DA:124,9
DA:125,4
DA:128,6
DA:131,1
DA:132,21
DA:134,80
DA:135,142
DA:136,29
DA:139,28
DA:140,20
DA:141,4
DA:144,13
DA:145,7
DA:146,1
DA:149,24
DA:150,20
DA:152,15
DA:155,20
DA:156,7
DA:158,32
DA:159,7
DA:161,27
DA:164,22
DA:165,0
DA:167,0
DA:170,0
DA:171,0
DA:173,110
DA:175,20
DA:176,27
DA:177,18
DA:178,4
DA:181,7
DA:182,26
DA:183,4
DA:184,26
DA:185,8
DA:187,7
DA:189,8
DA:190,31
DA:192,26
DA:193,24
DA:194,7
DA:195,1
DA:196,32
DA:197,18
DA:200,4
DA:203,22
DA:205,1
DA:207,4
DA:210,8
DA:211,4
DA:214,6
DA:215,20
DA:216,21
DA:217,26
DA:219,27
DA:220,22
DA:221,13
DA:224,27
DA:225,18
DA:226,137
DA:227,1
DA:228,1
DA:229,1
DA:230,1
DA:231,1
DA:232,1
DA:234,19
DA:235,25
DA:237,18
DA:238,8
DA:239,16
DA:241,6
DA:243,28
DA:244,48
DA:246,3
DA:249,23
DA:252,1
DA:253,9
DA:256,6
DA:259,1
DA:260,21
DA:262,26
DA:263,35
DA:265,10
DA:266,3
DA:267,27
DA:270,3
DA:271,23
DA:274,41
DA:276,36
DA:277,12
DA:278,5
DA:279,28
DA:280,4
DA:282,22
DA:285,3
DA:288,6
DA:291,7
DA:292,23
DA:293,1
DA:296,1
DA:297,1
DA:298,6
DA:299,0
DA:300,0
DA:302,13
DA:303,13
DA:305,69
DA:306,6
DA:307,75
DA:308,19
DA:309,1
DA:310,1
DA:311,1
DA:312,1
DA:316,5
DA:320,4
DA:322,1
DA:323,34
DA:324,20
DA:325,120
DA:326,33
DA:328,78
DA:331,4
DA:332,35
DA:333,27
DA:334,1
DA:335,1
DA:336,62
DA:337,11
DA:338,11
DA:339,11
DA:340,29
DA:341,1
DA:342,1
DA:343,1
DA:344,1
DA:345,2
DA:346,1
DA:347,1
DA:349,21
DA:351,85
DA:352,21
DA:353,38
DA:357,6
DA:362,4
DA:363,1
DA:364,4
DA:365,80
DA:366,4
DA:367,8
DA:368,79
DA:369,1
DA:370,2
DA:371,11
DA:372,1
DA:373,1
DA:376,3
DA:378,62
DA:379,11
DA:380,11
DA:381,11
DA:382,1
DA:383,1
DA:384,1
DA:385,1
DA:386,1
DA:387,2
DA:388,1
DA:389,1
DA:391,21
DA:393,85
DA:394,21
DA:395,38
DA:399,4
DA:402,6
DA:403,1
DA:404,6
DA:405,1
DA:406,1
DA:407,1
DA:408,15
DA:409,8
DA:410,23
DA:412,1
DA:413,8
DA:414,13
DA:416,13
DA:418,25
DA:420,62
DA:421,1
DA:422,1
DA:423,1
DA:424,1
DA:425,1
DA:426,1
DA:427,1
DA:428,1
DA:429,2
DA:430,1
DA:431,1
DA:433,21
DA:435,85
DA:436,21
DA:438,22
DA:442,31
DA:447,20
DA:448,4
DA:450,21
DA:452,8
DA:453,28
DA:454,19
DA:456,2
DA:458,26
DA:459,6
DA:460,35
DA:461,113
DA:462,109
DA:463,8
DA:464,17
DA:465,6
DA:466,8
DA:468,28
DA:469,1
DA:470,1
DA:471,19
DA:472,111
DA:474,4
DA:476,10
DA:478,6
DA:479,20
DA:480,1
DA:482,80
DA:483,6
DA:484,8
DA:486,34
DA:488,28
DA:489,84
DA:490,1
DA:491,4
DA:492,36
DA:493,1
DA:494,3
DA:495,1
DA:499,28
DA:500,7
DA:502,24
DA:504,7
DA:505,20
DA:506,19
DA:507,11
DA:508,4
DA:509,11
DA:510,1
DA:513,19
DA:514,11
DA:515,4
DA:516,11
DA:517,1
DA:521,33
DA:522,18
DA:523,16
DA:524,33
DA:525,4
DA:526,11
DA:527,1
DA:528,1
DA:532,26
DA:533,6
DA:535,7
DA:539,21
DA:541,19
DA:545,31
DA:550,20
DA:551,21
DA:552,11
DA:554,28
DA:555,23
DA:557,28
DA:559,35
DA:560,4
DA:561,13
DA:564,33
DA:565,28
DA:566,48
DA:567,31
DA:568,0
DA:571,8
DA:572,26
DA:575,21
DA:577,19
end_of_record

SF:/workspaces/ethereum/gamma-strategies/gamma-gmx-fuzzing/contracts/interfaces/IGmxUtils.sol
end_of_record

SF:/workspaces/ethereum/gamma-strategies/gamma-gmx-fuzzing/contracts/interfaces/IPerpetualVault.sol
end_of_record

SF:/workspaces/ethereum/gamma-strategies/gamma-gmx-fuzzing/contracts/interfaces/gmx/IDataStore.sol
end_of_record

SF:/workspaces/ethereum/gamma-strategies/gamma-gmx-fuzzing/contracts/interfaces/gmx/IExchangeRouter.sol
end_of_record

SF:/workspaces/ethereum/gamma-strategies/gamma-gmx-fuzzing/contracts/interfaces/gmx/IOrderCallbackReceiver.sol
end_of_record

SF:/workspaces/ethereum/gamma-strategies/gamma-gmx-fuzzing/contracts/interfaces/gmx/IOrderHandler.sol
end_of_record

SF:/workspaces/ethereum/gamma-strategies/gamma-gmx-fuzzing/contracts/interfaces/gmx/IReader.sol
end_of_record

SF:/workspaces/ethereum/gamma-strategies/gamma-gmx-fuzzing/contracts/libraries/Order.sol
DA:7,9
end_of_record

SF:/workspaces/ethereum/gamma-strategies/gamma-gmx-fuzzing/contracts/libraries/ParaSwapUtils.sol
DA:11,24
DA:14,0
DA:15,0
DA:16,0
DA:17,0
DA:18,0
DA:20,0
DA:21,0
DA:23,0
DA:24,0
DA:25,0
DA:28,0
DA:31,0
DA:32,0
DA:33,0
DA:37,0
DA:39,0
DA:41,0
end_of_record

SF:/workspaces/ethereum/gamma-strategies/gamma-gmx-fuzzing/contracts/libraries/Position.sol
DA:31,9
end_of_record

SF:/workspaces/ethereum/gamma-strategies/gamma-gmx-fuzzing/contracts/libraries/StructData.sol
end_of_record

SF:/workspaces/ethereum/gamma-strategies/gamma-gmx-fuzzing/contracts/libraries/gmx/MarketUtils.sol
DA:14,44
DA:19,1
DA:20,27
DA:21,27
DA:22,27
DA:31,45
DA:37,2
DA:38,7
DA:40,25
DA:44,10
DA:45,13
DA:48,7
DA:49,0
DA:58,7
DA:59,1
DA:60,1
DA:61,4
DA:62,1
DA:65,12
DA:67,7
DA:68,3
DA:71,16
DA:72,7
DA:74,12
DA:81,8
DA:82,73
DA:92,8
DA:97,1
DA:98,10
DA:99,8
DA:100,13
DA:101,10
DA:126,7
DA:130,1
DA:131,15
DA:132,18
DA:133,18
DA:135,13
DA:143,9
DA:149,1
DA:150,81
DA:156,7
DA:157,17
DA:160,8
DA:161,7
DA:162,0
DA:165,15
DA:175,7
DA:176,8
DA:182,7
DA:183,72
DA:191,8
DA:192,33
DA:194,1
DA:195,1
DA:196,1
DA:202,7
DA:203,32
DA:205,1
DA:206,1
DA:212,6
DA:213,31
DA:215,1
end_of_record

SF:/workspaces/ethereum/gamma-strategies/gamma-gmx-fuzzing/lib/forge-std/src/Base.sol
DA:9,132
end_of_record

SF:/workspaces/ethereum/gamma-strategies/gamma-gmx-fuzzing/lib/forge-std/src/StdAssertions.sol
DA:8,6
DA:38,33
DA:39,15
DA:40,0
DA:42,73
end_of_record

SF:/workspaces/ethereum/gamma-strategies/gamma-gmx-fuzzing/lib/forge-std/src/StdChains.sol
DA:66,0
end_of_record

SF:/workspaces/ethereum/gamma-strategies/gamma-gmx-fuzzing/lib/forge-std/src/StdCheats.sol
end_of_record

SF:/workspaces/ethereum/gamma-strategies/gamma-gmx-fuzzing/lib/forge-std/src/StdError.sol
DA:5,0
DA:6,0
DA:7,0
DA:8,0
DA:9,0
DA:10,0
DA:11,0
DA:12,0
DA:13,0
DA:14,0
end_of_record

SF:/workspaces/ethereum/gamma-strategies/gamma-gmx-fuzzing/lib/forge-std/src/StdInvariant.sol
DA:83,31
DA:84,40
DA:87,31
DA:88,39
DA:91,31
DA:92,40
DA:95,31
DA:96,39
DA:99,31
DA:100,40
DA:103,31
DA:104,40
DA:107,31
DA:108,39
DA:111,31
DA:112,40
DA:115,31
DA:116,39
DA:119,31
DA:120,40
end_of_record

SF:/workspaces/ethereum/gamma-strategies/gamma-gmx-fuzzing/lib/forge-std/src/StdJson.sol
DA:25,9
end_of_record

SF:/workspaces/ethereum/gamma-strategies/gamma-gmx-fuzzing/lib/forge-std/src/StdMath.sol
DA:4,9
end_of_record

SF:/workspaces/ethereum/gamma-strategies/gamma-gmx-fuzzing/lib/forge-std/src/StdStorage.sol
DA:24,9
DA:334,9
end_of_record

SF:/workspaces/ethereum/gamma-strategies/gamma-gmx-fuzzing/lib/forge-std/src/StdStyle.sol
DA:6,9
end_of_record

SF:/workspaces/ethereum/gamma-strategies/gamma-gmx-fuzzing/lib/forge-std/src/StdToml.sol
DA:25,9
end_of_record

SF:/workspaces/ethereum/gamma-strategies/gamma-gmx-fuzzing/lib/forge-std/src/StdUtils.sol
end_of_record

SF:/workspaces/ethereum/gamma-strategies/gamma-gmx-fuzzing/lib/forge-std/src/Test.sol
DA:32,42
end_of_record

SF:/workspaces/ethereum/gamma-strategies/gamma-gmx-fuzzing/lib/forge-std/src/Vm.sol
end_of_record

SF:/workspaces/ethereum/gamma-strategies/gamma-gmx-fuzzing/lib/forge-std/src/console.sol
DA:4,9
end_of_record

SF:/workspaces/ethereum/gamma-strategies/gamma-gmx-fuzzing/lib/forge-std/src/console2.sol
end_of_record

SF:/workspaces/ethereum/gamma-strategies/gamma-gmx-fuzzing/lib/forge-std/src/interfaces/IERC165.sol
end_of_record

SF:/workspaces/ethereum/gamma-strategies/gamma-gmx-fuzzing/lib/forge-std/src/interfaces/IERC20.sol
end_of_record

SF:/workspaces/ethereum/gamma-strategies/gamma-gmx-fuzzing/lib/forge-std/src/interfaces/IERC721.sol
end_of_record

SF:/workspaces/ethereum/gamma-strategies/gamma-gmx-fuzzing/lib/forge-std/src/interfaces/IMulticall3.sol
end_of_record

SF:/workspaces/ethereum/gamma-strategies/gamma-gmx-fuzzing/lib/forge-std/src/mocks/MockERC20.sol
DA:8,0
DA:19,0
DA:20,0
DA:23,0
DA:24,0
DA:27,0
DA:28,0
DA:41,0
DA:42,0
DA:45,0
DA:46,0
DA:49,0
DA:50,0
DA:61,0
DA:72,0
DA:73,0
DA:75,0
DA:76,0
DA:77,0
DA:79,0
DA:80,0
DA:82,0
DA:89,0
DA:90,0
DA:92,0
DA:94,0
DA:97,0
DA:98,0
DA:99,0
DA:101,0
DA:103,0
DA:106,0
DA:107,0
DA:109,0
DA:111,0
DA:112,0
DA:114,0
DA:116,0
DA:123,0
DA:126,0
DA:127,0
DA:129,0
DA:130,0
DA:131,0
DA:133,0
DA:134,0
DA:135,0
DA:136,0
DA:139,0
DA:140,0
DA:141,0
DA:142,0
DA:143,0
DA:148,0
DA:149,0
DA:150,0
DA:153,0
DA:155,0
DA:157,0
DA:160,0
DA:161,0
DA:164,0
DA:165,0
DA:166,0
DA:167,0
DA:168,0
DA:169,0
DA:170,0
DA:171,0
DA:198,0
DA:199,0
DA:200,0
DA:201,0
DA:204,0
DA:205,0
DA:206,0
DA:217,0
DA:220,0
DA:226,0
DA:227,0
DA:228,0
DA:230,0
DA:232,0
end_of_record

SF:/workspaces/ethereum/gamma-strategies/gamma-gmx-fuzzing/lib/forge-std/src/mocks/MockERC721.sol
DA:8,0
DA:17,0
DA:18,0
DA:21,0
DA:22,0
DA:25,0
DA:35,0
DA:36,0
DA:39,0
DA:40,0
DA:42,0
DA:53,0
DA:54,0
DA:57,0
DA:58,0
DA:70,0
DA:71,0
DA:73,0
DA:74,0
DA:76,0
DA:83,0
DA:84,0
DA:86,0
DA:88,0
DA:90,0
DA:93,0
DA:94,0
DA:96,0
DA:99,0
DA:100,0
DA:102,0
DA:104,0
DA:105,0
DA:111,0
DA:113,0
DA:115,0
DA:117,0
DA:119,0
DA:122,0
DA:123,0
DA:125,0
DA:126,0
DA:127,0
DA:128,0
DA:133,0
DA:139,0
DA:141,0
DA:142,0
DA:143,0
DA:144,0
DA:153,0
DA:154,0
DA:155,0
DA:156,0
DA:221,0
DA:222,0
DA:226,0
DA:229,0
end_of_record

SF:/workspaces/ethereum/gamma-strategies/gamma-gmx-fuzzing/lib/forge-std/src/safeconsole.sol
DA:6,9
end_of_record

SF:/workspaces/ethereum/gamma-strategies/gamma-gmx-fuzzing/lib/fuzzlib/src/Constants.sol
DA:4,0
DA:16,0
DA:17,0
DA:18,0
DA:19,0
DA:20,0
DA:21,0
DA:22,0
DA:23,0
DA:24,0
DA:25,0
DA:27,0
DA:28,0
end_of_record

SF:/workspaces/ethereum/gamma-strategies/gamma-gmx-fuzzing/lib/fuzzlib/src/FuzzBase.sol
DA:8,0
DA:11,0
end_of_record

SF:/workspaces/ethereum/gamma-strategies/gamma-gmx-fuzzing/lib/fuzzlib/src/FuzzLibString.sol
DA:8,9
DA:11,0
DA:12,0
DA:13,0
DA:15,0
DA:16,0
DA:20,6
DA:22,3
DA:26,4
DA:29,3
DA:32,5
DA:35,3
DA:38,1
DA:43,9
DA:45,5
DA:49,7
DA:52,5
DA:55,2
DA:59,3
DA:62,5
DA:65,3
DA:69,0
DA:70,0
DA:71,0
DA:72,0
DA:73,0
DA:75,0
DA:76,0
DA:77,0
DA:78,0
DA:80,0
DA:83,0
DA:84,0
DA:85,0
DA:90,0
DA:93,0
DA:95,0
DA:96,0
DA:97,0
DA:98,0
DA:99,0
DA:100,0
DA:101,0
DA:103,0
DA:107,0
DA:110,0
DA:113,0
DA:115,0
DA:116,0
DA:117,0
DA:118,0
DA:121,0
DA:122,0
DA:123,0
DA:124,0
DA:128,0
DA:129,0
DA:133,0
DA:137,0
DA:141,0
DA:143,0
DA:146,0
DA:149,0
DA:151,0
DA:152,0
end_of_record

SF:/workspaces/ethereum/gamma-strategies/gamma-gmx-fuzzing/lib/fuzzlib/src/Fuzzlib.sol
DA:11,223
end_of_record

SF:/workspaces/ethereum/gamma-strategies/gamma-gmx-fuzzing/lib/fuzzlib/src/IHevm.sol
end_of_record

SF:/workspaces/ethereum/gamma-strategies/gamma-gmx-fuzzing/lib/fuzzlib/src/helpers/HelperAssert.sol
DA:18,23
DA:19,4
DA:20,17
DA:21,55
DA:26,24
DA:31,6
DA:32,0
DA:33,0
DA:34,0
DA:35,0
DA:36,0
DA:41,0
DA:46,0
DA:47,0
DA:48,0
DA:49,0
DA:50,0
DA:51,0
DA:56,0
DA:61,0
DA:62,0
DA:63,0
DA:64,0
DA:65,0
DA:66,0
DA:71,0
DA:76,0
DA:77,0
DA:78,0
DA:79,0
DA:80,0
DA:81,0
DA:86,0
DA:91,0
DA:92,0
DA:93,0
DA:94,0
DA:95,0
DA:96,0
DA:97,0
DA:98,0
DA:103,24
DA:108,6
DA:109,0
DA:110,0
DA:111,0
DA:112,0
DA:113,0
DA:118,0
DA:123,0
DA:124,0
DA:125,0
DA:126,0
DA:127,0
DA:128,0
DA:133,24
DA:138,7
DA:139,0
DA:140,0
DA:141,0
DA:142,0
DA:143,0
DA:148,0
DA:153,0
DA:154,0
DA:155,0
DA:156,0
DA:157,0
DA:158,0
DA:163,24
DA:168,6
DA:169,0
DA:170,0
DA:171,0
DA:172,0
DA:173,0
DA:178,0
DA:183,0
DA:184,0
DA:185,0
DA:186,0
DA:187,0
DA:188,0
DA:193,24
DA:198,7
DA:199,0
DA:200,0
DA:201,0
DA:202,0
DA:203,0
DA:208,0
DA:213,0
DA:214,0
DA:215,0
DA:216,0
DA:217,0
DA:218,0
DA:223,24
DA:228,6
DA:229,0
DA:230,0
DA:231,0
DA:232,0
DA:233,0
DA:238,0
DA:243,0
DA:244,0
DA:245,0
DA:246,0
DA:247,0
DA:248,0
DA:252,0
DA:255,0
DA:256,0
DA:257,0
DA:260,0
DA:263,0
DA:264,0
DA:265,0
DA:268,0
DA:272,0
DA:273,0
DA:274,0
DA:275,0
DA:276,0
DA:278,0
DA:281,0
DA:286,0
DA:287,0
DA:288,0
DA:289,0
DA:290,0
DA:291,0
DA:293,0
DA:296,0
DA:302,0
DA:303,0
DA:304,0
DA:305,0
DA:306,0
DA:307,0
DA:308,0
DA:309,0
DA:311,0
DA:313,0
DA:315,0
DA:318,0
DA:321,0
DA:325,0
DA:326,0
DA:327,0
DA:328,0
DA:329,0
DA:330,0
DA:333,0
DA:336,0
DA:340,0
DA:341,0
DA:342,0
DA:343,0
DA:344,0
DA:345,0
DA:346,0
DA:347,0
DA:350,0
DA:353,0
DA:354,0
end_of_record

SF:/workspaces/ethereum/gamma-strategies/gamma-gmx-fuzzing/lib/fuzzlib/src/helpers/HelperBase.sol
DA:6,0
DA:7,0
DA:9,0
DA:10,0
end_of_record

SF:/workspaces/ethereum/gamma-strategies/gamma-gmx-fuzzing/lib/fuzzlib/src/helpers/HelperClamp.sol
DA:18,40
DA:22,1
DA:23,10
DA:27,0
DA:31,0
DA:32,0
DA:36,0
DA:37,0
DA:41,0
DA:42,0
DA:46,0
DA:47,0
DA:51,0
DA:52,0
DA:56,0
DA:57,0
DA:61,0
DA:62,0
DA:66,0
DA:67,0
DA:71,0
DA:72,0
DA:82,9
DA:87,1
DA:88,15
DA:89,32
DA:90,8
DA:91,8
DA:92,8
DA:93,26
DA:95,1
DA:97,1
DA:99,17
DA:101,6
DA:103,3
DA:107,0
DA:112,0
DA:113,0
DA:114,0
DA:115,0
DA:116,0
DA:117,0
DA:118,0
DA:119,0
DA:120,0
DA:121,0
DA:123,0
DA:125,0
DA:127,0
DA:129,0
DA:131,0
DA:135,0
DA:139,0
DA:140,0
DA:141,0
DA:142,0
DA:143,0
DA:146,0
DA:147,0
DA:148,0
DA:149,0
DA:150,0
DA:152,0
DA:154,0
DA:156,0
DA:158,0
DA:160,0
DA:164,0
DA:168,0
DA:169,0
DA:170,0
DA:171,0
DA:172,0
DA:173,0
DA:174,0
DA:176,0
DA:178,0
DA:180,0
DA:182,0
DA:184,0
DA:188,0
DA:192,0
DA:193,0
DA:194,0
DA:195,0
DA:196,0
DA:197,0
DA:198,0
DA:200,0
DA:202,0
DA:204,0
DA:206,0
DA:208,0
DA:212,0
DA:216,0
DA:217,0
DA:218,0
DA:219,0
DA:220,0
DA:221,0
DA:222,0
DA:224,0
DA:226,0
DA:228,0
DA:230,0
DA:232,0
DA:236,0
DA:240,0
DA:241,0
DA:242,0
DA:243,0
DA:244,0
DA:247,0
DA:248,0
DA:249,0
DA:250,0
DA:251,0
DA:253,0
DA:255,0
DA:257,0
DA:259,0
DA:261,0
DA:266,0
DA:270,0
DA:271,0
DA:272,0
DA:273,0
DA:274,0
DA:275,0
DA:276,0
DA:278,0
DA:280,0
DA:282,0
DA:284,0
DA:286,0
DA:291,0
DA:295,0
DA:296,0
DA:297,0
DA:298,0
DA:299,0
DA:300,0
DA:301,0
DA:303,0
DA:305,0
DA:307,0
DA:309,0
DA:311,0
DA:315,0
DA:319,0
DA:320,0
DA:321,0
DA:322,0
DA:323,0
DA:324,0
DA:325,0
DA:327,0
DA:329,0
DA:331,0
DA:333,0
DA:335,0
end_of_record

SF:/workspaces/ethereum/gamma-strategies/gamma-gmx-fuzzing/lib/fuzzlib/src/helpers/HelperLog.sol
DA:7,22
DA:8,5
DA:11,0
DA:12,0
DA:15,0
DA:16,0
DA:19,23
DA:20,6
DA:23,0
DA:24,0
DA:27,0
DA:28,0
DA:31,0
DA:32,0
DA:35,0
DA:36,0
DA:39,0
DA:40,0
DA:43,0
DA:44,0
DA:47,0
DA:48,0
DA:51,0
DA:52,0
DA:55,0
DA:56,0
DA:59,0
DA:60,0
DA:63,0
DA:64,0
DA:67,0
DA:68,0
DA:71,0
DA:72,0
end_of_record

SF:/workspaces/ethereum/gamma-strategies/gamma-gmx-fuzzing/lib/fuzzlib/src/helpers/HelperMath.sol
DA:5,0
DA:6,0
DA:9,0
DA:10,0
DA:14,0
DA:15,0
DA:19,0
DA:20,0
DA:23,0
DA:24,0
DA:27,0
DA:28,0
DA:31,0
DA:32,0
end_of_record

SF:/workspaces/ethereum/gamma-strategies/gamma-gmx-fuzzing/lib/fuzzlib/src/helpers/HelperRandom.sol
DA:7,0
DA:11,0
DA:12,0
DA:14,0
DA:15,0
DA:17,0
DA:18,0
end_of_record

SF:/workspaces/ethereum/gamma-strategies/gamma-gmx-fuzzing/lib/fuzzlib/src/libraries/LibLog.sol
DA:4,9
DA:23,3
DA:24,17
DA:27,0
DA:28,0
DA:31,0
DA:32,0
DA:35,4
DA:36,19
DA:39,0
DA:40,0
DA:43,0
DA:44,0
DA:47,0
DA:48,0
DA:51,0
DA:52,0
DA:55,0
DA:56,0
DA:59,0
DA:60,0
DA:63,0
DA:64,0
DA:67,0
DA:68,0
DA:71,0
DA:72,0
DA:75,0
DA:76,0
DA:79,0
DA:80,0
DA:83,0
DA:84,0
end_of_record

SF:/workspaces/ethereum/gamma-strategies/gamma-gmx-fuzzing/lib/fuzzlib/src/platform/IPlatform.sol
end_of_record

SF:/workspaces/ethereum/gamma-strategies/gamma-gmx-fuzzing/lib/fuzzlib/src/platform/PlatformCrytic.sol
DA:7,28
DA:8,5
DA:9,6
end_of_record

SF:/workspaces/ethereum/gamma-strategies/gamma-gmx-fuzzing/node_modules/@chainlink/contracts/src/v0.8/shared/interfaces/AggregatorInterface.sol
end_of_record

SF:/workspaces/ethereum/gamma-strategies/gamma-gmx-fuzzing/node_modules/@chainlink/contracts/src/v0.8/shared/interfaces/AggregatorV2V3Interface.sol
end_of_record

SF:/workspaces/ethereum/gamma-strategies/gamma-gmx-fuzzing/node_modules/@chainlink/contracts/src/v0.8/shared/interfaces/AggregatorV3Interface.sol
end_of_record

SF:/workspaces/ethereum/gamma-strategies/gamma-gmx-fuzzing/node_modules/@openzeppelin/contracts-upgradeable/access/Ownable2StepUpgradeable.sol
DA:21,0
DA:22,0
DA:34,0
DA:35,0
DA:42,0
DA:43,0
DA:44,0
DA:51,0
DA:52,0
DA:53,0
DA:59,0
DA:60,0
DA:61,0
DA:62,0
end_of_record

SF:/workspaces/ethereum/gamma-strategies/gamma-gmx-fuzzing/node_modules/@openzeppelin/contracts-upgradeable/access/OwnableUpgradeable.sol
DA:33,0
DA:34,0
DA:41,0
DA:48,0
DA:49,0
DA:55,0
DA:56,0
DA:66,0
DA:67,0
DA:83,0
DA:84,0
DA:85,0
DA:86,0
end_of_record

SF:/workspaces/ethereum/gamma-strategies/gamma-gmx-fuzzing/node_modules/@openzeppelin/contracts-upgradeable/proxy/utils/Initializable.sol
DA:83,0
DA:84,0
DA:85,0
DA:86,0
DA:89,0
DA:90,0
DA:91,0
DA:94,0
DA:95,0
DA:96,0
DA:132,0
end_of_record

SF:/workspaces/ethereum/gamma-strategies/gamma-gmx-fuzzing/node_modules/@openzeppelin/contracts-upgradeable/security/ReentrancyGuardUpgradeable.sol
DA:35,1
DA:36,2
DA:40,0
DA:41,0
DA:44,0
DA:45,0
DA:56,24
DA:57,1
DA:58,24
DA:61,2
DA:63,6
DA:66,5
DA:69,2
DA:72,5
end_of_record

SF:/workspaces/ethereum/gamma-strategies/gamma-gmx-fuzzing/node_modules/@openzeppelin/contracts-upgradeable/utils/AddressUpgradeable.sol
DA:9,9
DA:36,0
DA:41,0
end_of_record

SF:/workspaces/ethereum/gamma-strategies/gamma-gmx-fuzzing/node_modules/@openzeppelin/contracts-upgradeable/utils/ContextUpgradeable.sol
DA:23,0
DA:24,0
end_of_record

SF:/workspaces/ethereum/gamma-strategies/gamma-gmx-fuzzing/node_modules/@openzeppelin/contracts/access/AccessControl.sol
DA:58,0
DA:71,0
DA:78,0
DA:79,0
DA:85,0
DA:86,0
DA:97,0
DA:98,0
DA:108,0
DA:109,0
DA:110,0
DA:112,0
DA:114,0
DA:116,0
DA:129,0
DA:130,0
DA:145,0
DA:146,0
DA:160,0
DA:161,0
DA:180,0
DA:181,0
DA:183,0
DA:206,0
DA:207,0
DA:215,0
DA:216,0
DA:217,0
DA:218,0
DA:228,0
DA:229,0
DA:230,0
DA:231,0
DA:242,0
DA:243,0
DA:244,0
DA:245,0
end_of_record

SF:/workspaces/ethereum/gamma-strategies/gamma-gmx-fuzzing/node_modules/@openzeppelin/contracts/access/IAccessControl.sol
end_of_record

SF:/workspaces/ethereum/gamma-strategies/gamma-gmx-fuzzing/node_modules/@openzeppelin/contracts/access/Ownable.sol
DA:29,0
DA:36,0
DA:43,0
DA:44,0
DA:50,0
DA:51,0
DA:61,0
DA:62,0
DA:69,0
DA:70,0
DA:71,0
DA:78,0
DA:79,0
DA:80,0
DA:81,0
end_of_record

SF:/workspaces/ethereum/gamma-strategies/gamma-gmx-fuzzing/node_modules/@openzeppelin/contracts/governance/Governor.sol
DA:31,0
DA:32,0
DA:33,0
DA:72,0
DA:73,0
DA:74,0
DA:76,0
DA:84,0
DA:85,0
DA:92,0
DA:98,0
DA:99,0
DA:101,0
DA:102,0
DA:103,0
DA:106,0
DA:107,0
DA:108,0
DA:109,0
DA:112,0
DA:116,0
DA:117,0
DA:118,0
DA:119,0
DA:120,0
DA:121,0
DA:127,0
DA:128,0
DA:151,0
DA:156,0
DA:157,0
DA:163,0
DA:164,0
DA:166,0
DA:167,0
DA:170,0
DA:171,0
DA:174,0
DA:176,0
DA:177,0
DA:180,0
DA:182,0
DA:183,0
DA:186,0
DA:188,0
DA:189,0
DA:192,0
DA:193,0
DA:195,0
DA:209,0
DA:210,0
DA:216,0
DA:217,0
DA:223,0
DA:224,0
DA:261,0
DA:262,0
DA:268,0
DA:273,0
DA:274,0
DA:275,0
DA:277,0
DA:278,0
DA:279,0
DA:283,0
DA:285,0
DA:286,0
DA:287,0
DA:288,0
DA:290,0
DA:291,0
DA:293,0
DA:294,0
DA:295,0
DA:296,0
DA:297,0
DA:298,0
DA:299,0
DA:300,0
DA:303,0
DA:304,0
DA:305,0
DA:306,0
DA:307,0
DA:308,0
DA:309,0
DA:310,0
DA:311,0
DA:312,0
DA:315,0
DA:321,0
DA:326,0
DA:327,0
DA:329,0
DA:330,0
DA:331,0
DA:334,0
DA:336,0
DA:338,0
DA:339,0
DA:340,0
DA:342,0
DA:380,0
DA:387,0
DA:388,0
DA:389,0
DA:390,0
DA:399,0
DA:406,0
DA:407,0
DA:408,0
DA:419,0
DA:424,0
DA:425,0
DA:427,0
DA:429,0
DA:430,0
DA:431,0
DA:432,0
DA:435,0
DA:437,0
DA:439,0
DA:445,0
DA:446,0
DA:452,0
DA:456,0
DA:457,0
DA:463,0
DA:464,0
DA:465,0
DA:471,0
DA:475,0
DA:476,0
DA:477,0
DA:483,0
DA:488,0
DA:489,0
DA:490,0
DA:496,0
DA:502,0
DA:503,0
DA:504,0
DA:505,0
DA:506,0
DA:507,0
DA:509,0
DA:515,0
DA:523,0
DA:524,0
DA:525,0
DA:526,0
DA:527,0
DA:529,0
DA:530,0
DA:531,0
DA:532,0
DA:536,0
DA:537,0
DA:538,0
DA:541,0
DA:550,0
DA:555,0
DA:556,0
DA:565,0
DA:571,0
DA:572,0
DA:573,0
DA:575,0
DA:576,0
DA:578,0
DA:579,0
DA:581,0
DA:584,0
DA:593,0
DA:594,0
DA:595,0
DA:609,0
DA:610,0
DA:616,0
DA:622,0
DA:623,0
DA:629,0
DA:635,0
DA:636,0
DA:656,0
DA:659,0
DA:660,0
DA:663,0
DA:664,0
DA:668,0
DA:676,0
DA:680,0
DA:681,0
DA:685,0
DA:686,0
DA:687,0
DA:689,0
DA:690,0
DA:692,0
DA:695,0
DA:702,0
DA:703,0
DA:706,0
DA:707,0
DA:710,0
DA:711,0
DA:714,0
DA:715,0
DA:719,0
end_of_record

SF:/workspaces/ethereum/gamma-strategies/gamma-gmx-fuzzing/node_modules/@openzeppelin/contracts/governance/IGovernor.sol
end_of_record

SF:/workspaces/ethereum/gamma-strategies/gamma-gmx-fuzzing/node_modules/@openzeppelin/contracts/governance/TimelockController.sol
DA:25,0
DA:26,0
DA:27,0
DA:28,0
DA:29,0
DA:30,0
DA:81,0
DA:82,0
DA:83,0
DA:84,0
DA:85,0
DA:88,0
DA:91,0
DA:92,0
DA:96,0
DA:97,0
DA:98,0
DA:102,0
DA:103,0
DA:106,0
DA:107,0
DA:117,0
DA:118,0
DA:131,0
DA:132,0
DA:139,0
DA:140,0
DA:146,0
DA:147,0
DA:153,0
DA:154,0
DA:155,0
DA:161,0
DA:162,0
DA:169,0
DA:170,0
DA:178,0
DA:179,0
DA:186,0
DA:192,0
DA:193,0
DA:200,0
DA:206,0
DA:207,0
DA:219,0
DA:226,0
DA:227,0
DA:228,0
DA:229,0
DA:230,0
DA:231,0
DA:244,0
DA:251,0
DA:252,0
DA:253,0
DA:255,0
DA:256,0
DA:257,0
DA:258,0
DA:260,0
DA:261,0
DA:268,0
DA:269,0
DA:270,0
DA:271,0
DA:281,0
DA:282,0
DA:283,0
DA:285,0
DA:300,0
DA:306,0
DA:307,0
DA:309,0
DA:310,0
DA:311,0
DA:312,0
DA:327,0
DA:333,0
DA:334,0
DA:335,0
DA:337,0
DA:339,0
DA:340,0
DA:341,0
DA:342,0
DA:343,0
DA:344,0
DA:345,0
DA:347,0
DA:353,0
DA:354,0
DA:355,0
DA:361,0
DA:362,0
DA:363,0
DA:369,0
DA:370,0
DA:371,0
DA:384,0
DA:385,0
DA:386,0
DA:387,0
DA:393,0
DA:394,0
DA:400,0
DA:406,0
DA:407,0
DA:413,0
DA:419,0
DA:420,0
end_of_record

SF:/workspaces/ethereum/gamma-strategies/gamma-gmx-fuzzing/node_modules/@openzeppelin/contracts/governance/compatibility/GovernorCompatibilityBravo.sol
DA:44,0
DA:45,0
DA:52,0
DA:57,0
DA:59,0
DA:60,0
DA:66,0
DA:72,0
DA:73,0
DA:78,0
DA:79,0
DA:85,0
DA:86,0
DA:87,0
DA:88,0
DA:89,0
DA:90,0
DA:91,0
DA:93,0
DA:99,0
DA:100,0
DA:101,0
DA:102,0
DA:103,0
DA:104,0
DA:105,0
DA:107,0
DA:113,0
DA:114,0
DA:115,0
DA:116,0
DA:117,0
DA:118,0
DA:119,0
DA:121,0
DA:128,0
DA:133,0
DA:134,0
DA:135,0
DA:137,0
DA:138,0
DA:142,0
DA:148,0
DA:151,0
DA:152,0
DA:153,0
DA:154,0
DA:155,0
DA:156,0
DA:159,0
DA:165,0
DA:170,0
DA:172,0
DA:173,0
DA:174,0
DA:175,0
DA:176,0
DA:177,0
DA:184,0
DA:191,0
DA:192,0
DA:193,0
DA:195,0
DA:196,0
DA:197,0
DA:198,0
DA:199,0
DA:200,0
DA:201,0
DA:202,0
DA:210,0
DA:218,0
DA:219,0
DA:220,0
DA:221,0
DA:222,0
DA:223,0
DA:224,0
DA:225,0
DA:226,0
DA:227,0
DA:229,0
DA:230,0
DA:231,0
DA:232,0
DA:233,0
DA:235,0
DA:236,0
DA:237,0
DA:238,0
DA:239,0
DA:241,0
DA:242,0
DA:243,0
DA:249,0
DA:257,0
DA:258,0
DA:259,0
DA:260,0
DA:263,0
DA:264,0
DA:270,0
DA:271,0
DA:277,0
DA:278,0
DA:285,0
DA:286,0
DA:292,0
DA:293,0
DA:294,0
DA:300,0
DA:301,0
DA:302,0
DA:308,0
DA:314,0
DA:315,0
DA:316,0
DA:318,0
DA:319,0
DA:320,0
DA:321,0
DA:323,0
DA:324,0
DA:325,0
DA:326,0
DA:327,0
DA:328,0
DA:330,0
end_of_record

SF:/workspaces/ethereum/gamma-strategies/gamma-gmx-fuzzing/node_modules/@openzeppelin/contracts/governance/compatibility/IGovernorCompatibilityBravo.sol
end_of_record

SF:/workspaces/ethereum/gamma-strategies/gamma-gmx-fuzzing/node_modules/@openzeppelin/contracts/governance/extensions/GovernorSettings.sol
DA:25,0
DA:26,0
DA:27,0
DA:28,0
DA:34,0
DA:35,0
DA:41,0
DA:42,0
DA:48,0
DA:49,0
DA:57,0
DA:58,0
DA:66,0
DA:67,0
DA:75,0
DA:76,0
DA:84,0
DA:85,0
DA:86,0
DA:94,0
DA:96,0
DA:97,0
DA:98,0
DA:106,0
DA:107,0
DA:108,0
end_of_record

SF:/workspaces/ethereum/gamma-strategies/gamma-gmx-fuzzing/node_modules/@openzeppelin/contracts/governance/extensions/GovernorTimelockControl.sol
DA:38,0
DA:39,0
DA:45,0
DA:46,0
DA:52,0
DA:53,0
DA:55,0
DA:56,0
DA:60,0
DA:61,0
DA:62,0
DA:63,0
DA:64,0
DA:65,0
DA:66,0
DA:68,0
DA:75,0
DA:76,0
DA:82,0
DA:83,0
DA:84,0
DA:90,0
DA:95,0
DA:96,0
DA:98,0
DA:100,0
DA:101,0
DA:102,0
DA:104,0
DA:106,0
DA:112,0
DA:119,0
DA:129,0
DA:134,0
DA:135,0
DA:137,0
DA:138,0
DA:139,0
DA:142,0
DA:148,0
DA:149,0
DA:158,0
DA:159,0
DA:162,0
DA:163,0
DA:164,0
end_of_record

SF:/workspaces/ethereum/gamma-strategies/gamma-gmx-fuzzing/node_modules/@openzeppelin/contracts/governance/extensions/GovernorVotes.sol
DA:15,0
DA:17,0
DA:18,0
DA:48,0
DA:52,0
DA:53,0
end_of_record

SF:/workspaces/ethereum/gamma-strategies/gamma-gmx-fuzzing/node_modules/@openzeppelin/contracts/governance/extensions/GovernorVotesQuorumFraction.sol
DA:33,0
DA:34,0
DA:40,0
DA:41,0
DA:47,0
DA:49,0
DA:50,0
DA:51,0
DA:55,0
DA:56,0
DA:57,0
DA:61,0
DA:67,0
DA:68,0
DA:74,0
DA:75,0
DA:88,0
DA:89,0
DA:101,0
DA:102,0
DA:103,0
DA:107,0
DA:110,0
DA:111,0
DA:112,0
DA:117,0
DA:119,0
end_of_record

SF:/workspaces/ethereum/gamma-strategies/gamma-gmx-fuzzing/node_modules/@openzeppelin/contracts/governance/extensions/IGovernorTimelock.sol
end_of_record

SF:/workspaces/ethereum/gamma-strategies/gamma-gmx-fuzzing/node_modules/@openzeppelin/contracts/governance/utils/IVotes.sol
end_of_record

SF:/workspaces/ethereum/gamma-strategies/gamma-gmx-fuzzing/node_modules/@openzeppelin/contracts/interfaces/IERC165.sol
end_of_record

SF:/workspaces/ethereum/gamma-strategies/gamma-gmx-fuzzing/node_modules/@openzeppelin/contracts/interfaces/IERC1967.sol
end_of_record

SF:/workspaces/ethereum/gamma-strategies/gamma-gmx-fuzzing/node_modules/@openzeppelin/contracts/interfaces/IERC5267.sol
end_of_record

SF:/workspaces/ethereum/gamma-strategies/gamma-gmx-fuzzing/node_modules/@openzeppelin/contracts/interfaces/IERC5805.sol
end_of_record

SF:/workspaces/ethereum/gamma-strategies/gamma-gmx-fuzzing/node_modules/@openzeppelin/contracts/interfaces/IERC6372.sol
end_of_record

SF:/workspaces/ethereum/gamma-strategies/gamma-gmx-fuzzing/node_modules/@openzeppelin/contracts/interfaces/draft-IERC1822.sol
end_of_record

SF:/workspaces/ethereum/gamma-strategies/gamma-gmx-fuzzing/node_modules/@openzeppelin/contracts/proxy/ERC1967/ERC1967Proxy.sol
DA:15,0
DA:22,0
DA:23,0
DA:29,4
DA:30,6
end_of_record

SF:/workspaces/ethereum/gamma-strategies/gamma-gmx-fuzzing/node_modules/@openzeppelin/contracts/proxy/ERC1967/ERC1967Upgrade.sol
DA:27,1
DA:32,4
DA:33,20
DA:39,0
DA:40,0
DA:41,0
DA:49,0
DA:50,0
DA:51,0
DA:59,0
DA:60,0
DA:61,0
DA:62,0
DA:92,1
DA:97,4
DA:98,20
DA:104,0
DA:105,0
DA:106,0
DA:114,0
DA:115,0
DA:116,0
end_of_record

SF:/workspaces/ethereum/gamma-strategies/gamma-gmx-fuzzing/node_modules/@openzeppelin/contracts/proxy/Proxy.sol
DA:22,1
DA:27,4
DA:31,7
DA:34,4
DA:36,1
DA:38,6
DA:39,3
DA:42,3
DA:58,1
DA:59,4
DA:60,7
DA:68,3
DA:76,3
DA:85,2
end_of_record

SF:/workspaces/ethereum/gamma-strategies/gamma-gmx-fuzzing/node_modules/@openzeppelin/contracts/proxy/beacon/IBeacon.sol
end_of_record

SF:/workspaces/ethereum/gamma-strategies/gamma-gmx-fuzzing/node_modules/@openzeppelin/contracts/proxy/transparent/ProxyAdmin.sol
DA:13,64
DA:21,0
DA:24,0
DA:25,0
DA:26,0
DA:36,0
DA:39,0
DA:40,0
DA:41,0
DA:51,0
DA:52,0
DA:62,0
DA:63,0
DA:74,0
DA:79,0
end_of_record

SF:/workspaces/ethereum/gamma-strategies/gamma-gmx-fuzzing/node_modules/@openzeppelin/contracts/proxy/transparent/TransparentUpgradeableProxy.sol
DA:58,7
DA:63,0
DA:64,0
DA:84,1
DA:85,13
DA:86,0
DA:87,0
DA:88,0
DA:89,0
DA:90,0
DA:91,0
DA:92,0
DA:93,0
DA:94,0
DA:95,0
DA:96,0
DA:97,0
DA:99,0
DA:102,0
DA:105,3
DA:116,0
DA:117,0
DA:119,0
DA:120,0
DA:130,0
DA:131,0
DA:133,0
DA:134,0
DA:142,0
DA:143,0
DA:145,0
DA:146,0
DA:148,0
DA:154,0
DA:155,0
DA:157,0
DA:158,0
DA:160,0
DA:168,0
DA:169,0
DA:170,0
DA:172,0
DA:188,0
DA:189,0
end_of_record

SF:/workspaces/ethereum/gamma-strategies/gamma-gmx-fuzzing/node_modules/@openzeppelin/contracts/security/ReentrancyGuard.sol
DA:34,1
DA:35,2
DA:40,0
DA:51,44
DA:53,32
DA:56,2
DA:58,6
DA:61,5
DA:64,2
DA:67,5
end_of_record

SF:/workspaces/ethereum/gamma-strategies/gamma-gmx-fuzzing/node_modules/@openzeppelin/contracts/token/ERC1155/IERC1155Receiver.sol
end_of_record

SF:/workspaces/ethereum/gamma-strategies/gamma-gmx-fuzzing/node_modules/@openzeppelin/contracts/token/ERC20/ERC20.sol
DA:38,0
DA:54,0
DA:55,0
DA:56,0
DA:62,0
DA:63,0
DA:70,0
DA:71,0
DA:87,0
DA:88,0
DA:94,31
DA:95,4
DA:101,46
DA:102,21
DA:113,47
DA:114,7
DA:115,7
DA:116,4
DA:122,40
DA:123,38
DA:136,40
DA:137,7
DA:138,7
DA:139,4
DA:158,41
DA:159,7
DA:160,7
DA:161,7
DA:162,4
DA:177,0
DA:178,0
DA:179,0
DA:180,0
DA:197,0
DA:198,0
DA:199,0
DA:200,0
DA:202,0
DA:205,0
DA:222,6
DA:223,10
DA:224,10
DA:226,7
DA:228,22
DA:229,26
DA:231,25
DA:234,31
DA:237,23
DA:239,7
DA:251,4
DA:252,10
DA:254,7
DA:256,19
DA:259,31
DA:261,23
DA:263,7
DA:277,5
DA:278,10
DA:280,7
DA:282,22
DA:283,7
DA:285,25
DA:287,14
DA:290,23
DA:292,7
DA:308,5
DA:309,10
DA:310,10
DA:312,40
DA:313,23
DA:324,6
DA:325,9
DA:326,6
DA:327,7
DA:329,9
DA:348,5
DA:364,5
end_of_record

SF:/workspaces/ethereum/gamma-strategies/gamma-gmx-fuzzing/node_modules/@openzeppelin/contracts/token/ERC20/IERC20.sol
end_of_record

SF:/workspaces/ethereum/gamma-strategies/gamma-gmx-fuzzing/node_modules/@openzeppelin/contracts/token/ERC20/extensions/ERC20Permit.sol
DA:29,0
DA:44,0
DA:49,0
DA:57,0
DA:58,0
DA:60,0
DA:62,0
DA:64,0
DA:65,0
DA:67,0
DA:73,0
DA:74,0
DA:81,0
DA:82,0
DA:90,0
DA:91,0
DA:92,0
DA:93,0
end_of_record

SF:/workspaces/ethereum/gamma-strategies/gamma-gmx-fuzzing/node_modules/@openzeppelin/contracts/token/ERC20/extensions/ERC20Votes.sol
DA:34,0
DA:60,0
DA:61,0
DA:67,0
DA:68,0
DA:74,0
DA:75,0
DA:81,0
DA:82,0
DA:84,0
DA:95,0
DA:96,0
DA:97,0
DA:108,0
DA:109,0
DA:110,0
DA:116,0
DA:129,0
DA:131,0
DA:132,0
DA:134,0
DA:135,0
DA:136,0
DA:137,0
DA:139,0
DA:143,0
DA:144,0
DA:145,0
DA:146,0
DA:148,0
DA:153,0
DA:160,0
DA:161,0
DA:167,0
DA:174,0
DA:175,0
DA:176,0
DA:177,0
DA:178,0
DA:179,0
DA:180,0
DA:182,0
DA:183,0
DA:189,0
DA:190,0
DA:196,0
DA:197,0
DA:198,0
DA:200,0
DA:206,0
DA:207,0
DA:209,0
DA:217,0
DA:218,0
DA:220,0
DA:228,0
DA:229,0
DA:230,0
DA:231,0
DA:233,0
DA:235,0
DA:238,0
DA:239,0
DA:240,0
DA:241,0
DA:242,0
DA:245,0
DA:246,0
DA:247,0
DA:252,0
DA:256,0
DA:257,0
DA:259,0
DA:260,0
DA:262,0
DA:263,0
DA:265,0
DA:266,0
DA:268,0
DA:273,0
DA:274,0
DA:277,0
DA:278,0
DA:284,0
DA:286,0
DA:287,0
end_of_record

SF:/workspaces/ethereum/gamma-strategies/gamma-gmx-fuzzing/node_modules/@openzeppelin/contracts/token/ERC20/extensions/IERC20Metadata.sol
end_of_record

SF:/workspaces/ethereum/gamma-strategies/gamma-gmx-fuzzing/node_modules/@openzeppelin/contracts/token/ERC20/extensions/IERC20Permit.sol
end_of_record

SF:/workspaces/ethereum/gamma-strategies/gamma-gmx-fuzzing/node_modules/@openzeppelin/contracts/token/ERC20/utils/SafeERC20.sol
DA:19,9
DA:26,5
DA:27,54
DA:34,6
DA:35,56
DA:45,5
DA:49,3
DA:50,78
DA:53,54
DA:117,5
DA:122,34
DA:123,27
end_of_record

SF:/workspaces/ethereum/gamma-strategies/gamma-gmx-fuzzing/node_modules/@openzeppelin/contracts/token/ERC721/IERC721Receiver.sol
end_of_record

SF:/workspaces/ethereum/gamma-strategies/gamma-gmx-fuzzing/node_modules/@openzeppelin/contracts/utils/Address.sol
DA:9,9
DA:40,6
DA:45,8
DA:99,7
DA:103,1
DA:104,10
DA:128,8
DA:133,1
DA:134,7
DA:135,68
DA:136,12
DA:170,0
DA:171,0
DA:180,0
DA:184,0
DA:185,0
DA:186,0
DA:195,9
DA:200,1
DA:201,5
DA:202,7
DA:205,0
DA:207,5
DA:209,5
DA:219,0
DA:223,0
DA:224,0
DA:225,0
DA:227,0
DA:231,1
DA:233,7
DA:237,2
DA:238,5
DA:241,0
end_of_record

SF:/workspaces/ethereum/gamma-strategies/gamma-gmx-fuzzing/node_modules/@openzeppelin/contracts/utils/Checkpoints.sol
DA:19,9
DA:223,0
DA:224,0
DA:250,0
DA:251,0
DA:253,0
DA:254,0
DA:256,0
DA:257,0
DA:258,0
DA:259,0
DA:261,0
DA:265,0
DA:267,0
DA:273,0
DA:274,0
DA:275,0
DA:303,0
DA:304,0
DA:306,0
DA:308,0
DA:311,0
DA:314,0
DA:315,0
DA:317,0
DA:319,0
DA:321,0
DA:322,0
DA:332,0
DA:337,0
DA:338,0
DA:339,0
DA:340,0
DA:341,0
DA:343,0
DA:346,0
DA:375,0
DA:378,0
DA:380,0
DA:381,0
end_of_record

SF:/workspaces/ethereum/gamma-strategies/gamma-gmx-fuzzing/node_modules/@openzeppelin/contracts/utils/Context.sol
DA:17,4
DA:18,3
DA:21,0
DA:22,0
end_of_record

SF:/workspaces/ethereum/gamma-strategies/gamma-gmx-fuzzing/node_modules/@openzeppelin/contracts/utils/Counters.sol
DA:14,9
DA:22,0
DA:23,0
DA:26,0
DA:28,0
end_of_record

SF:/workspaces/ethereum/gamma-strategies/gamma-gmx-fuzzing/node_modules/@openzeppelin/contracts/utils/ShortStrings.sol
DA:40,9
DA:42,0
DA:52,0
DA:53,0
DA:54,0
DA:55,0
DA:57,0
DA:63,0
DA:64,0
DA:66,0
DA:69,0
DA:70,0
DA:72,0
DA:78,0
DA:79,0
DA:80,0
DA:81,0
DA:83,0
DA:89,0
DA:90,0
DA:91,0
DA:93,0
DA:94,0
DA:101,0
DA:102,0
DA:103,0
DA:105,0
end_of_record

SF:/workspaces/ethereum/gamma-strategies/gamma-gmx-fuzzing/node_modules/@openzeppelin/contracts/utils/StorageSlot.sol
DA:34,9
DA:62,6
DA:65,3
DA:112,0
DA:115,0
end_of_record

SF:/workspaces/ethereum/gamma-strategies/gamma-gmx-fuzzing/node_modules/@openzeppelin/contracts/utils/Strings.sol
DA:12,9
DA:14,0
DA:60,0
DA:61,0
DA:62,0
DA:63,0
DA:64,0
DA:65,0
DA:66,0
DA:68,0
DA:69,0
DA:75,0
DA:76,0
end_of_record

SF:/workspaces/ethereum/gamma-strategies/gamma-gmx-fuzzing/node_modules/@openzeppelin/contracts/utils/cryptography/ECDSA.sol
DA:14,9
DA:23,0
DA:24,0
DA:25,0
DA:26,0
DA:27,0
DA:28,0
DA:29,0
DA:30,0
DA:31,0
DA:55,0
DA:56,0
DA:57,0
DA:58,0
DA:59,0
DA:64,0
DA:65,0
DA:66,0
DA:68,0
DA:70,0
DA:88,0
DA:89,0
DA:90,0
DA:91,0
DA:124,0
DA:134,0
DA:135,0
DA:139,0
DA:140,0
DA:141,0
DA:144,0
DA:151,0
DA:152,0
DA:153,0
DA:154,0
DA:165,0
DA:170,0
DA:171,0
DA:172,0
DA:197,0
DA:199,0
DA:200,0
DA:201,0
DA:202,0
DA:203,0
DA:204,0
end_of_record

SF:/workspaces/ethereum/gamma-strategies/gamma-gmx-fuzzing/node_modules/@openzeppelin/contracts/utils/cryptography/EIP712.sol
DA:39,0
DA:67,0
DA:68,0
DA:69,0
DA:70,0
DA:71,0
DA:73,0
DA:74,0
DA:75,0
DA:81,0
DA:82,0
DA:83,0
DA:85,0
DA:89,0
DA:90,0
DA:108,0
DA:109,0
DA:117,0
DA:123,0
DA:124,0
DA:125,0
DA:126,0
DA:127,0
DA:128,0
DA:129,0
DA:132,0
DA:134,0
DA:135,0
DA:136,0
DA:137,0
DA:138,0
DA:139,0
end_of_record

SF:/workspaces/ethereum/gamma-strategies/gamma-gmx-fuzzing/node_modules/@openzeppelin/contracts/utils/introspection/ERC165.sol
DA:26,0
DA:27,0
end_of_record

SF:/workspaces/ethereum/gamma-strategies/gamma-gmx-fuzzing/node_modules/@openzeppelin/contracts/utils/introspection/IERC165.sol
end_of_record

SF:/workspaces/ethereum/gamma-strategies/gamma-gmx-fuzzing/node_modules/@openzeppelin/contracts/utils/math/Math.sol
DA:9,9
DA:26,0
DA:27,0
DA:34,0
DA:36,0
DA:55,9
DA:60,1
DA:61,1
DA:62,1
DA:63,5
DA:64,5
DA:65,9
DA:69,5
DA:73,13
DA:77,6
DA:84,1
DA:87,6
DA:90,7
DA:91,5
DA:98,9
DA:101,5
DA:104,5
DA:107,9
DA:111,7
DA:116,8
DA:120,9
DA:121,9
DA:122,9
DA:123,9
DA:124,9
DA:125,9
DA:131,5
DA:132,5
DA:139,9
DA:140,10
DA:141,37
DA:142,10
DA:144,4
DA:152,0
DA:153,0
DA:154,0
DA:167,0
DA:174,0
DA:175,0
DA:176,0
DA:177,0
DA:178,0
DA:179,0
DA:180,0
DA:181,0
DA:199,0
DA:200,0
DA:202,0
DA:203,0
DA:204,0
DA:206,0
DA:207,0
DA:208,0
DA:210,0
DA:211,0
DA:212,0
DA:214,0
DA:215,0
DA:216,0
DA:218,0
DA:219,0
DA:220,0
DA:222,0
DA:223,0
DA:224,0
DA:226,0
DA:227,0
DA:228,0
DA:230,0
DA:231,0
DA:234,0
end_of_record

SF:/workspaces/ethereum/gamma-strategies/gamma-gmx-fuzzing/node_modules/@openzeppelin/contracts/utils/math/SafeCast.sol
DA:22,9
DA:86,0
DA:87,0
DA:88,0
DA:358,0
DA:359,0
DA:360,0
DA:426,0
DA:427,0
DA:428,0
DA:460,0
DA:461,0
DA:462,0
DA:494,0
DA:495,0
DA:496,0
DA:559,6
DA:560,7
DA:561,3
DA:1131,6
DA:1133,7
DA:1134,3
end_of_record

SF:/workspaces/ethereum/gamma-strategies/gamma-gmx-fuzzing/node_modules/@openzeppelin/contracts/utils/math/SafeMath.sol
DA:16,9
end_of_record

SF:/workspaces/ethereum/gamma-strategies/gamma-gmx-fuzzing/node_modules/@openzeppelin/contracts/utils/math/SignedMath.sol
DA:9,9
DA:37,6
DA:40,16
end_of_record

SF:/workspaces/ethereum/gamma-strategies/gamma-gmx-fuzzing/node_modules/@openzeppelin/contracts/utils/math/SignedSafeMath.sol
DA:12,9
end_of_record

SF:/workspaces/ethereum/gamma-strategies/gamma-gmx-fuzzing/node_modules/@openzeppelin/contracts/utils/structs/DoubleEndedQueue.sol
DA:21,9
DA:53,0
DA:54,0
DA:55,0
DA:57,0
DA:94,0
DA:95,0
DA:96,0
DA:97,0
DA:98,0
DA:100,0
DA:148,0
DA:149,0
DA:150,0
DA:167,0
DA:168,0
end_of_record

SF:/workspaces/ethereum/gamma-strategies/gamma-gmx-fuzzing/node_modules/@openzeppelin/contracts/utils/structs/EnumerableSet.sol
DA:41,9
DA:65,8
DA:66,8
DA:67,36
DA:70,27
DA:71,5
DA:73,3
DA:83,8
DA:85,20
DA:87,5
DA:93,11
DA:94,17
DA:96,7
DA:97,22
DA:100,23
DA:102,21
DA:106,26
DA:109,19
DA:111,8
DA:113,0
DA:120,7
DA:121,22
DA:127,6
DA:128,9
DA:141,7
DA:142,21
DA:169,7
DA:170,10
DA:179,7
DA:180,10
DA:186,7
DA:187,10
DA:193,6
DA:194,9
DA:207,7
DA:208,10
DA:243,7
DA:244,14
DA:253,7
DA:254,14
DA:260,7
DA:261,14
DA:267,6
DA:268,9
DA:281,7
DA:282,12
DA:317,7
DA:318,12
DA:327,7
DA:328,12
DA:334,7
DA:335,12
DA:341,6
DA:342,9
DA:355,7
DA:356,12
end_of_record

SF:/workspaces/ethereum/gamma-strategies/gamma-gmx-fuzzing/node_modules/prb-math/contracts/PRBMath.sol
DA:97,9
DA:111,3
DA:127,6
DA:130,3
DA:134,9
DA:135,0
DA:137,9
DA:138,0
DA:140,9
DA:141,0
DA:143,9
DA:144,0
DA:146,9
DA:147,0
DA:149,9
DA:150,0
DA:152,9
DA:153,0
DA:155,9
DA:156,0
DA:158,9
DA:159,0
DA:161,9
DA:162,0
DA:164,9
DA:165,0
DA:167,9
DA:168,0
DA:170,9
DA:171,0
DA:173,9
DA:174,0
DA:176,9
DA:177,0
DA:179,9
DA:180,0
DA:182,9
DA:183,0
DA:185,9
DA:186,0
DA:188,9
DA:189,0
DA:191,9
DA:192,0
DA:194,9
DA:195,0
DA:197,9
DA:198,0
DA:200,9
DA:201,0
DA:203,9
DA:204,0
DA:206,9
DA:207,0
DA:209,9
DA:210,0
DA:212,9
DA:213,0
DA:215,9
DA:216,0
DA:218,9
DA:219,0
DA:221,9
DA:222,0
DA:224,9
DA:225,0
DA:227,9
DA:228,0
DA:230,9
DA:231,0
DA:233,9
DA:234,0
DA:236,9
DA:237,0
DA:239,9
DA:240,0
DA:242,9
DA:243,0
DA:245,9
DA:246,0
DA:248,9
DA:249,0
DA:251,9
DA:252,0
DA:254,9
DA:255,0
DA:257,9
DA:258,0
DA:260,9
DA:261,0
DA:263,9
DA:264,0
DA:266,9
DA:267,0
DA:269,9
DA:270,0
DA:272,9
DA:273,0
DA:275,9
DA:276,0
DA:278,9
DA:279,0
DA:281,9
DA:282,0
DA:284,9
DA:285,0
DA:287,9
DA:288,0
DA:290,9
DA:291,0
DA:293,9
DA:294,0
DA:296,9
DA:297,0
DA:299,9
DA:300,0
DA:302,9
DA:303,0
DA:305,9
DA:306,0
DA:308,9
DA:309,0
DA:311,9
DA:312,0
DA:314,9
DA:315,0
DA:317,9
DA:318,0
DA:320,9
DA:321,0
DA:323,9
DA:324,0
DA:335,4
DA:336,11
DA:344,6
DA:345,6
DA:346,0
DA:347,0
DA:349,6
DA:350,0
DA:351,0
DA:353,6
DA:354,6
DA:355,10
DA:357,6
DA:358,6
DA:359,10
DA:361,6
DA:362,6
DA:363,10
DA:365,6
DA:366,6
DA:367,10
DA:369,6
DA:370,6
DA:371,10
DA:373,6
DA:375,10
DA:498,8
DA:499,1
DA:500,1
DA:501,1
DA:502,5
DA:503,5
DA:504,9
DA:507,5
DA:508,0
DA:511,1
DA:512,1
DA:514,6
DA:515,5
DA:518,5
DA:520,10
DA:521,6
DA:525,0
DA:526,0
DA:527,0
DA:528,0
DA:529,0
DA:530,0
DA:532,0
DA:534,0
end_of_record

SF:/workspaces/ethereum/gamma-strategies/gamma-gmx-fuzzing/node_modules/prb-math/contracts/PRBMathUD60x18.sol
DA:12,9
DA:14,1
DA:28,7
DA:122,6
DA:124,6
DA:125,0
DA:128,1
DA:130,12
DA:133,7
DA:366,7
DA:367,6
DA:368,0
DA:370,2
DA:372,13
DA:376,4
DA:379,7
DA:382,5
DA:383,4
DA:388,20
DA:389,10
DA:392,7
DA:394,5
DA:397,6
DA:409,7
DA:410,8
DA:432,7
DA:433,7
DA:434,0
DA:436,16
end_of_record

SF:/workspaces/ethereum/gamma-strategies/gamma-gmx-fuzzing/test/fuzzing/contracts/adl/AdlUtils.sol
DA:26,9
DA:87,7
DA:93,6
DA:94,10
DA:96,65
DA:97,0
DA:100,9
DA:101,9
DA:106,13
DA:107,1
DA:108,1
DA:109,1
DA:110,1
DA:114,9
DA:123,12
DA:125,10
DA:134,6
DA:135,23
DA:136,12
DA:138,14
DA:139,0
DA:142,56
DA:143,4
DA:144,4
DA:145,4
DA:146,16
DA:147,1
DA:148,4
DA:149,5
DA:150,29
DA:169,68
DA:170,1
DA:171,1
DA:172,4
DA:173,1
DA:174,1
DA:175,10
DA:176,1
DA:177,68
DA:178,1
DA:179,4
DA:180,4
DA:183,34
DA:184,5
DA:185,1
DA:186,1
DA:187,1
DA:190,22
DA:191,1
DA:192,1
DA:193,1
DA:196,11
DA:197,10
DA:199,10
DA:201,10
DA:210,6
DA:215,2
DA:216,10
DA:217,4
DA:218,14
DA:221,10
DA:222,65
DA:223,0
DA:234,8
DA:235,73
DA:246,9
DA:247,76
DA:257,8
DA:258,73
DA:269,9
DA:270,76
DA:281,8
DA:288,1
DA:289,4
DA:291,14
DA:292,34
DA:294,14
DA:295,34
DA:297,14
DA:298,34
DA:299,34
DA:301,52
DA:303,5
DA:304,1
end_of_record

SF:/workspaces/ethereum/gamma-strategies/gamma-gmx-fuzzing/test/fuzzing/contracts/bank/Bank.sol
DA:13,0
DA:16,0
DA:18,0
DA:19,0
DA:22,0
DA:23,0
DA:24,0
DA:25,0
DA:34,31
DA:39,7
DA:50,32
DA:55,1
DA:56,8
DA:58,17
DA:59,0
DA:61,7
DA:72,0
DA:75,0
DA:76,0
DA:77,0
DA:85,5
DA:90,10
DA:91,0
DA:94,8
DA:96,5
DA:105,0
DA:110,0
DA:111,0
DA:114,0
DA:115,0
DA:116,0
DA:117,0
DA:118,0
DA:121,0
DA:124,3
end_of_record

SF:/workspaces/ethereum/gamma-strategies/gamma-gmx-fuzzing/test/fuzzing/contracts/bank/StrictBank.sol
DA:21,59
DA:25,0
DA:27,0
DA:32,46
DA:33,7
DA:42,46
DA:43,69
DA:44,23
DA:45,4
DA:51,6
DA:52,22
DA:53,69
DA:54,23
DA:56,12
DA:62,3
DA:63,88
end_of_record

SF:/workspaces/ethereum/gamma-strategies/gamma-gmx-fuzzing/test/fuzzing/contracts/callback/CallbackUtils.sol
DA:34,9
DA:64,5
DA:65,68
DA:66,7
DA:67,0
DA:71,4
DA:72,18
DA:73,7
DA:74,0
DA:78,0
DA:79,0
DA:82,8
DA:83,73
DA:86,10
DA:92,1
DA:93,8
DA:95,68
DA:97,60
DA:98,1
DA:99,1
DA:101,4
DA:103,0
DA:110,6
DA:115,12
DA:117,9
DA:119,68
DA:120,1
DA:121,1
DA:122,1
DA:125,0
DA:132,6
DA:137,12
DA:139,9
DA:141,68
DA:142,1
DA:143,1
DA:144,1
DA:147,0
DA:154,6
DA:159,12
DA:161,0
DA:163,0
DA:164,0
DA:165,0
DA:166,0
DA:169,0
DA:176,6
DA:181,12
DA:183,0
DA:185,0
DA:186,0
DA:187,0
DA:188,0
DA:191,0
DA:195,0
DA:200,0
DA:202,0
DA:204,0
DA:205,0
DA:206,0
DA:207,0
DA:210,0
DA:213,0
DA:218,0
DA:220,0
DA:222,0
DA:223,0
DA:224,0
DA:225,0
DA:228,0
DA:238,6
DA:243,12
DA:245,9
DA:247,70
DA:248,1
DA:249,1
DA:250,1
DA:253,19
DA:260,6
DA:265,12
DA:267,9
DA:269,68
DA:270,1
DA:271,1
DA:272,1
DA:275,0
DA:282,6
DA:287,12
DA:289,9
DA:291,68
DA:292,1
DA:293,1
DA:294,1
DA:297,0
DA:343,7
DA:344,14
DA:345,10
DA:347,3
end_of_record

SF:/workspaces/ethereum/gamma-strategies/gamma-gmx-fuzzing/test/fuzzing/contracts/callback/IDepositCallbackReceiver.sol
end_of_record

SF:/workspaces/ethereum/gamma-strategies/gamma-gmx-fuzzing/test/fuzzing/contracts/callback/IGasFeeCallbackReceiver.sol
end_of_record

SF:/workspaces/ethereum/gamma-strategies/gamma-gmx-fuzzing/test/fuzzing/contracts/callback/IGlvDepositCallbackReceiver.sol
end_of_record

SF:/workspaces/ethereum/gamma-strategies/gamma-gmx-fuzzing/test/fuzzing/contracts/callback/IOrderCallbackReceiver.sol
end_of_record

SF:/workspaces/ethereum/gamma-strategies/gamma-gmx-fuzzing/test/fuzzing/contracts/callback/IShiftCallbackReceiver.sol
end_of_record

SF:/workspaces/ethereum/gamma-strategies/gamma-gmx-fuzzing/test/fuzzing/contracts/callback/IWithdrawalCallbackReceiver.sol
end_of_record

SF:/workspaces/ethereum/gamma-strategies/gamma-gmx-fuzzing/test/fuzzing/contracts/chain/ArbSys.sol
end_of_record

SF:/workspaces/ethereum/gamma-strategies/gamma-gmx-fuzzing/test/fuzzing/contracts/chain/Chain.sol
DA:10,9
DA:13,1
DA:14,1
DA:16,0
DA:20,4
DA:21,3
DA:26,5
DA:27,8
DA:28,0
DA:31,3
DA:44,4
DA:45,11
end_of_record

SF:/workspaces/ethereum/gamma-strategies/gamma-gmx-fuzzing/test/fuzzing/contracts/config/Config.sol
DA:17,60
DA:26,0
DA:28,0
DA:29,0
DA:32,0
DA:34,0
DA:36,0
DA:40,0
DA:41,0
DA:42,0
DA:44,0
DA:45,0
DA:49,0
DA:50,0
DA:51,0
DA:53,0
DA:59,0
DA:62,0
DA:63,0
DA:65,0
DA:66,0
DA:69,0
DA:71,0
DA:72,0
DA:73,0
DA:74,0
DA:75,0
DA:76,0
DA:78,0
DA:79,0
DA:83,0
DA:89,0
DA:90,0
DA:91,0
DA:94,0
DA:95,0
DA:96,0
DA:97,0
DA:99,0
DA:100,0
DA:101,0
DA:102,0
DA:103,0
DA:104,0
DA:105,0
DA:106,0
DA:107,0
DA:109,0
DA:110,0
DA:114,0
DA:118,0
DA:119,0
DA:120,0
DA:123,0
DA:124,0
DA:126,0
DA:127,0
DA:128,0
DA:129,0
DA:130,0
DA:131,0
DA:132,0
DA:133,0
DA:135,0
DA:136,0
DA:140,0
DA:145,0
DA:146,0
DA:148,0
DA:149,0
DA:151,0
DA:153,0
DA:154,0
DA:155,0
DA:157,0
DA:158,0
DA:159,0
DA:161,0
DA:163,0
DA:164,0
DA:165,0
DA:169,0
DA:175,0
DA:176,0
DA:178,0
DA:179,0
DA:181,0
DA:183,0
DA:184,0
DA:185,0
DA:186,0
DA:188,0
DA:189,0
DA:190,0
DA:192,0
DA:194,0
DA:195,0
DA:196,0
DA:200,0
DA:204,0
DA:205,0
DA:207,0
DA:208,0
DA:210,0
DA:212,0
DA:214,0
DA:215,0
DA:217,0
DA:218,0
DA:219,0
DA:221,0
DA:223,0
DA:224,0
DA:232,0
DA:233,0
DA:235,0
DA:237,0
DA:239,0
DA:241,0
DA:242,0
DA:244,0
DA:245,0
DA:247,0
DA:248,0
DA:250,0
DA:252,0
DA:253,0
DA:261,0
DA:262,0
DA:264,0
DA:266,0
DA:268,0
DA:270,0
DA:271,0
DA:273,0
DA:274,0
DA:276,0
DA:277,0
DA:279,0
DA:281,0
DA:282,0
DA:290,0
DA:291,0
DA:293,0
DA:295,0
DA:297,0
DA:299,0
DA:300,0
DA:301,0
DA:303,0
DA:304,0
DA:306,0
DA:308,0
DA:309,0
DA:317,0
DA:318,0
DA:320,0
DA:322,0
DA:324,0
DA:326,0
DA:328,0
DA:329,0
DA:331,0
DA:332,0
DA:334,0
DA:335,0
DA:337,0
DA:339,0
DA:340,0
DA:348,0
DA:349,0
DA:351,0
DA:353,0
DA:355,0
DA:357,0
DA:358,0
DA:360,0
DA:361,0
DA:363,0
DA:364,0
DA:366,0
DA:368,0
DA:369,0
DA:373,0
DA:374,0
DA:375,0
DA:378,0
DA:382,0
DA:383,0
DA:385,0
DA:386,0
DA:387,0
DA:389,0
DA:391,0
DA:392,0
DA:393,0
DA:395,0
DA:396,0
DA:398,0
DA:399,0
DA:400,0
DA:402,0
DA:404,0
DA:405,0
DA:406,0
DA:408,0
DA:410,0
DA:411,0
DA:412,0
DA:413,0
DA:415,0
DA:416,0
DA:417,0
DA:419,0
DA:420,0
DA:421,0
DA:422,0
DA:423,0
DA:425,0
DA:426,0
DA:427,0
DA:429,0
DA:430,0
DA:431,0
DA:432,0
DA:434,0
DA:436,0
DA:437,0
DA:438,0
DA:439,0
DA:440,0
DA:441,0
DA:442,0
DA:443,0
DA:445,0
DA:446,0
DA:447,0
DA:449,0
DA:450,0
DA:451,0
DA:453,0
DA:454,0
DA:455,0
DA:457,0
DA:458,0
DA:459,0
DA:460,0
DA:461,0
DA:462,0
DA:463,0
DA:464,0
DA:465,0
DA:466,0
DA:467,0
DA:469,0
DA:470,0
DA:471,0
DA:472,0
DA:474,0
DA:475,0
DA:476,0
DA:477,0
DA:479,0
DA:480,0
DA:481,0
DA:482,0
DA:484,0
DA:485,0
DA:486,0
DA:487,0
DA:489,0
DA:490,0
DA:491,0
DA:493,0
DA:495,0
DA:496,0
DA:498,0
DA:499,0
DA:501,0
DA:502,0
DA:503,0
DA:504,0
DA:505,0
DA:506,0
DA:507,0
DA:508,0
DA:509,0
DA:511,0
DA:512,0
DA:513,0
DA:514,0
DA:515,0
DA:516,0
DA:518,0
DA:520,0
DA:521,0
DA:524,0
DA:525,0
DA:526,0
DA:527,0
DA:529,0
DA:530,0
DA:531,0
DA:533,0
DA:534,0
DA:535,0
DA:540,0
DA:541,0
DA:542,0
DA:543,0
DA:546,0
DA:549,0
DA:550,0
DA:551,0
DA:554,0
DA:557,0
DA:563,0
DA:564,0
DA:565,0
DA:566,0
DA:569,0
DA:570,0
DA:574,0
DA:575,0
DA:576,0
DA:577,0
DA:580,0
DA:581,0
DA:585,0
DA:586,0
DA:587,0
DA:590,0
DA:591,0
DA:595,0
DA:596,0
DA:597,0
DA:600,0
DA:601,0
DA:605,0
DA:606,0
DA:607,0
DA:608,0
DA:609,0
DA:610,0
DA:613,0
DA:614,0
DA:618,0
DA:619,0
DA:620,0
DA:621,0
DA:622,0
DA:625,0
DA:626,0
DA:630,0
DA:631,0
DA:632,0
DA:633,0
DA:634,0
DA:635,0
DA:636,0
DA:639,0
DA:640,0
end_of_record

SF:/workspaces/ethereum/gamma-strategies/gamma-gmx-fuzzing/test/fuzzing/contracts/config/Timelock.sol
DA:16,60
DA:28,0
DA:30,0
DA:31,0
DA:32,0
DA:33,0
DA:35,0
DA:38,0
DA:44,0
DA:45,0
DA:46,0
DA:47,0
DA:48,0
DA:50,0
DA:64,0
DA:65,0
DA:67,0
DA:68,0
DA:69,0
DA:70,0
DA:71,0
DA:72,0
DA:74,0
DA:80,0
DA:81,0
DA:82,0
DA:85,0
DA:87,0
DA:89,0
DA:90,0
DA:91,0
DA:92,0
DA:94,0
DA:98,0
DA:99,0
DA:101,0
DA:102,0
DA:103,0
DA:104,0
DA:105,0
DA:106,0
DA:108,0
DA:112,0
DA:113,0
DA:114,0
DA:116,0
DA:117,0
DA:118,0
DA:119,0
DA:120,0
DA:121,0
DA:123,0
DA:127,0
DA:128,0
DA:129,0
DA:131,0
DA:133,0
DA:134,0
DA:135,0
DA:136,0
DA:137,0
DA:138,0
DA:140,0
DA:144,0
DA:145,0
DA:146,0
DA:148,0
DA:149,0
DA:150,0
DA:151,0
DA:152,0
DA:153,0
DA:155,0
DA:159,0
DA:160,0
DA:161,0
DA:163,0
DA:165,0
DA:166,0
DA:167,0
DA:168,0
DA:169,0
DA:170,0
DA:172,0
DA:176,0
DA:177,0
DA:178,0
DA:181,0
DA:182,0
DA:184,0
DA:185,0
DA:186,0
DA:187,0
DA:189,0
DA:190,0
DA:194,0
DA:195,0
DA:196,0
DA:198,0
DA:200,0
DA:201,0
DA:202,0
DA:203,0
DA:205,0
DA:206,0
DA:210,0
DA:211,0
DA:212,0
DA:215,0
DA:216,0
DA:218,0
DA:219,0
DA:220,0
DA:221,0
DA:223,0
DA:224,0
DA:228,0
DA:229,0
DA:230,0
DA:232,0
DA:234,0
DA:235,0
DA:236,0
DA:237,0
DA:239,0
DA:240,0
DA:246,0
DA:247,0
DA:248,0
DA:251,0
DA:252,0
DA:254,0
DA:255,0
DA:256,0
DA:257,0
DA:259,0
DA:260,0
DA:266,0
DA:267,0
DA:268,0
DA:270,0
DA:272,0
DA:273,0
DA:274,0
DA:275,0
DA:277,0
DA:278,0
DA:285,0
DA:286,0
DA:287,0
DA:289,0
DA:290,0
DA:291,0
DA:292,0
DA:293,0
DA:294,0
DA:296,0
DA:297,0
DA:304,0
DA:305,0
DA:306,0
DA:308,0
DA:310,0
DA:311,0
DA:312,0
DA:313,0
DA:314,0
DA:315,0
DA:317,0
DA:318,0
DA:325,0
DA:326,0
DA:327,0
DA:329,0
DA:330,0
DA:331,0
DA:332,0
DA:333,0
DA:334,0
DA:336,0
DA:337,0
DA:344,0
DA:345,0
DA:346,0
DA:348,0
DA:350,0
DA:351,0
DA:352,0
DA:353,0
DA:354,0
DA:355,0
DA:357,0
DA:358,0
DA:367,0
DA:373,0
DA:374,0
DA:375,0
DA:376,0
DA:377,0
DA:378,0
DA:379,0
DA:382,0
DA:384,0
DA:385,0
DA:386,0
DA:387,0
DA:388,0
DA:389,0
DA:390,0
DA:391,0
DA:392,0
DA:394,0
DA:395,0
DA:404,0
DA:410,0
DA:411,0
DA:412,0
DA:413,0
DA:414,0
DA:415,0
DA:416,0
DA:419,0
DA:421,0
DA:422,0
DA:423,0
DA:424,0
DA:426,0
DA:427,0
DA:428,0
DA:429,0
DA:430,0
DA:431,0
DA:432,0
DA:433,0
DA:434,0
DA:436,0
DA:437,0
DA:445,0
DA:449,0
DA:450,0
DA:451,0
DA:452,0
DA:453,0
DA:456,0
DA:458,0
DA:459,0
DA:460,0
DA:461,0
DA:462,0
DA:463,0
DA:464,0
DA:465,0
DA:467,0
DA:468,0
DA:476,0
DA:480,0
DA:481,0
DA:482,0
DA:483,0
DA:484,0
DA:487,0
DA:489,0
DA:490,0
DA:492,0
DA:493,0
DA:494,0
DA:495,0
DA:496,0
DA:497,0
DA:498,0
DA:499,0
DA:501,0
DA:502,0
DA:508,0
DA:509,0
DA:515,0
DA:516,0
DA:517,0
DA:520,0
DA:521,0
DA:523,0
DA:525,0
DA:526,0
DA:528,0
DA:529,0
DA:531,0
DA:533,0
DA:534,0
DA:538,0
DA:539,0
DA:542,0
DA:543,0
DA:546,0
DA:547,0
DA:550,0
DA:551,0
DA:554,0
DA:555,0
DA:558,0
DA:559,0
DA:562,0
DA:563,0
DA:566,0
DA:572,0
DA:573,0
DA:575,0
DA:576,0
DA:577,0
DA:578,0
DA:579,0
DA:583,0
DA:587,0
DA:588,0
DA:590,0
DA:591,0
DA:592,0
DA:598,0
DA:599,0
DA:600,0
DA:604,0
DA:605,0
DA:606,0
DA:609,0
DA:610,0
DA:615,0
DA:616,0
DA:617,0
DA:619,0
DA:620,0
DA:622,0
DA:624,0
DA:625,0
DA:627,0
DA:628,0
DA:630,0
DA:632,0
DA:633,0
DA:637,0
DA:638,0
DA:639,0
end_of_record

SF:/workspaces/ethereum/gamma-strategies/gamma-gmx-fuzzing/test/fuzzing/contracts/data/DataStore.sol
DA:11,324
DA:22,0
DA:24,0
DA:26,0
DA:28,0
DA:30,0
DA:32,0
DA:35,0
DA:37,0
DA:39,0
DA:41,0
DA:43,0
DA:45,0
DA:54,0
DA:59,39
DA:60,17
DA:67,40
DA:68,19
DA:69,3
DA:74,22
DA:75,17
DA:82,41
DA:83,18
DA:84,25
DA:85,21
DA:87,9
DA:88,19
DA:89,5
DA:96,40
DA:97,18
DA:98,11
DA:99,19
DA:100,5
DA:108,40
DA:109,18
DA:110,12
DA:111,0
DA:112,0
DA:115,9
DA:116,19
DA:117,5
DA:124,40
DA:125,25
DA:126,19
DA:127,4
DA:134,40
DA:135,25
DA:136,19
DA:137,4
DA:143,0
DA:144,0
DA:151,40
DA:152,19
DA:153,3
DA:156,0
DA:157,0
DA:164,0
DA:165,0
DA:166,0
DA:167,0
DA:174,0
DA:175,0
DA:176,0
DA:177,0
DA:184,0
DA:185,0
DA:186,0
DA:187,0
DA:193,39
DA:194,26
DA:201,40
DA:202,34
DA:203,3
DA:208,22
DA:209,26
DA:215,39
DA:216,26
DA:223,40
DA:224,34
DA:225,3
DA:230,22
DA:231,26
DA:237,0
DA:238,0
DA:245,0
DA:246,0
DA:247,0
DA:252,0
DA:253,0
DA:259,39
DA:260,17
DA:267,0
DA:268,0
DA:269,0
DA:274,0
DA:275,0
DA:281,0
DA:282,0
DA:288,0
DA:289,0
DA:295,0
DA:296,0
DA:302,0
DA:303,0
DA:309,0
DA:310,0
DA:316,0
DA:317,0
DA:323,39
DA:324,91
DA:330,23
DA:331,30
DA:337,22
DA:338,21
DA:344,0
DA:345,0
DA:351,0
DA:352,0
DA:358,0
DA:359,0
DA:365,0
DA:366,0
DA:372,0
DA:373,0
DA:379,0
DA:380,0
DA:386,0
DA:387,0
DA:393,0
DA:394,0
DA:400,0
DA:401,0
DA:407,40
DA:408,26
DA:413,39
DA:414,20
DA:423,41
DA:424,28
DA:430,23
DA:431,25
DA:437,23
DA:438,25
DA:444,40
DA:445,26
DA:450,0
DA:451,0
DA:460,0
DA:461,0
DA:467,0
DA:468,0
DA:474,0
DA:475,0
DA:481,0
DA:482,0
DA:487,0
DA:488,0
DA:497,0
DA:498,0
DA:504,0
DA:505,0
DA:511,0
DA:512,0
end_of_record

SF:/workspaces/ethereum/gamma-strategies/gamma-gmx-fuzzing/test/fuzzing/contracts/data/Keys.sol
DA:7,9
DA:9,27
DA:11,27
DA:14,0
DA:17,0
DA:20,0
DA:23,27
DA:26,27
DA:29,81
DA:32,54
DA:34,108
DA:36,54
DA:38,27
DA:40,27
DA:42,54
DA:44,27
DA:46,27
DA:49,27
DA:51,27
DA:54,27
DA:56,27
DA:58,27
DA:60,27
DA:63,27
DA:69,108
DA:71,27
DA:74,108
DA:76,27
DA:79,0
DA:81,0
DA:94,54
DA:96,27
DA:99,108
DA:101,27
DA:104,0
DA:107,27
DA:110,27
DA:113,27
DA:115,27
DA:117,0
DA:120,0
DA:122,0
DA:124,0
DA:126,0
DA:129,27
DA:131,27
DA:133,27
DA:136,27
DA:138,27
DA:140,27
DA:142,27
DA:145,0
DA:147,0
DA:149,0
DA:152,27
DA:154,27
DA:158,27
DA:160,0
DA:162,27
DA:165,27
DA:167,0
DA:169,0
DA:171,0
DA:173,0
DA:176,0
DA:178,0
DA:180,27
DA:182,27
DA:184,27
DA:186,27
DA:188,27
DA:190,0
DA:192,27
DA:194,0
DA:196,0
DA:199,27
DA:201,27
DA:203,27
DA:206,27
DA:208,27
DA:210,27
DA:213,27
DA:215,27
DA:217,27
DA:220,27
DA:222,27
DA:224,0
DA:226,0
DA:228,0
DA:230,27
DA:232,27
DA:234,27
DA:236,27
DA:238,27
DA:240,0
DA:242,27
DA:244,27
DA:245,27
DA:246,27
DA:249,27
DA:251,27
DA:253,27
DA:255,27
DA:258,27
DA:260,27
DA:262,0
DA:264,0
DA:267,27
DA:269,27
DA:271,27
DA:273,0
DA:275,27
DA:277,27
DA:279,27
DA:281,27
DA:283,27
DA:285,0
DA:287,27
DA:289,27
DA:291,27
DA:293,27
DA:295,27
DA:297,27
DA:299,27
DA:301,27
DA:303,0
DA:305,27
DA:307,27
DA:309,27
DA:311,0
DA:313,0
DA:315,0
DA:317,0
DA:319,0
DA:321,0
DA:323,27
DA:325,27
DA:327,27
DA:329,27
DA:331,54
DA:333,27
DA:335,108
DA:337,54
DA:339,27
DA:341,27
DA:343,27
DA:345,27
DA:347,27
DA:349,27
DA:351,0
DA:353,0
DA:355,27
DA:357,0
DA:359,0
DA:361,0
DA:363,27
DA:365,27
DA:367,27
DA:369,27
DA:371,27
DA:373,0
DA:375,0
DA:377,0
DA:379,27
DA:381,0
DA:383,0
DA:385,27
DA:387,27
DA:389,27
DA:391,27
DA:393,27
DA:395,27
DA:397,27
DA:399,0
DA:401,0
DA:403,0
DA:405,0
DA:415,0
DA:417,0
DA:424,6
DA:425,32
DA:430,6
DA:431,32
DA:436,0
DA:437,0
DA:454,6
DA:455,32
DA:460,6
DA:461,32
DA:466,0
DA:467,0
DA:472,6
DA:473,32
DA:479,7
DA:480,34
DA:487,7
DA:488,34
DA:495,0
DA:496,0
DA:502,6
DA:503,31
DA:505,1
DA:511,4
DA:512,2
DA:517,0
DA:518,0
DA:531,4
DA:532,2
DA:537,4
DA:538,2
DA:543,4
DA:544,2
DA:549,4
DA:550,2
DA:553,6
DA:554,31
DA:556,1
DA:604,6
DA:605,31
DA:607,1
DA:614,6
DA:615,31
DA:617,1
DA:624,6
DA:625,31
DA:627,1
DA:634,6
DA:635,31
DA:637,1
DA:644,6
DA:645,31
DA:647,1
DA:654,6
DA:655,31
DA:657,1
DA:664,6
DA:665,31
DA:667,1
DA:674,0
DA:675,0
DA:677,0
DA:684,0
DA:685,0
DA:687,0
DA:694,0
DA:695,0
DA:697,0
DA:704,7
DA:705,32
DA:707,1
DA:708,1
DA:715,7
DA:716,32
DA:718,1
DA:719,1
DA:726,7
DA:727,32
DA:729,1
DA:730,1
DA:737,0
DA:738,0
DA:740,0
DA:741,0
DA:748,7
DA:749,32
DA:751,1
DA:752,1
DA:758,6
DA:759,31
DA:761,1
DA:767,0
DA:768,0
DA:770,0
DA:776,0
DA:777,0
DA:779,0
DA:785,0
DA:786,0
DA:788,0
DA:794,0
DA:795,0
DA:797,0
DA:804,6
DA:805,31
DA:807,1
DA:814,6
DA:815,31
DA:817,1
DA:824,6
DA:825,31
DA:827,1
DA:835,0
DA:836,0
DA:838,0
DA:839,0
DA:846,6
DA:847,31
DA:849,1
DA:856,6
DA:857,31
DA:859,1
DA:867,7
DA:868,32
DA:870,1
DA:871,1
DA:877,6
DA:878,31
DA:880,1
DA:886,7
DA:887,32
DA:889,1
DA:890,1
DA:896,6
DA:897,31
DA:899,1
DA:905,6
DA:906,31
DA:908,1
DA:914,0
DA:915,0
DA:917,0
DA:924,0
DA:925,0
DA:927,0
DA:928,0
DA:936,7
DA:937,32
DA:939,1
DA:940,1
DA:947,6
DA:948,31
DA:950,1
DA:957,7
DA:958,32
DA:960,1
DA:961,1
DA:968,0
DA:969,0
DA:971,0
DA:979,7
DA:980,32
DA:982,1
DA:983,1
DA:991,7
DA:992,32
DA:994,1
DA:995,1
DA:1002,6
DA:1003,31
DA:1005,1
DA:1013,7
DA:1014,32
DA:1016,1
DA:1017,1
DA:1024,6
DA:1025,31
DA:1027,1
DA:1034,0
DA:1035,0
DA:1037,0
DA:1046,8
DA:1047,33
DA:1049,1
DA:1050,1
DA:1051,1
DA:1060,8
DA:1061,33
DA:1063,1
DA:1064,1
DA:1065,1
DA:1074,8
DA:1075,33
DA:1077,1
DA:1078,1
DA:1079,1
DA:1087,7
DA:1088,32
DA:1090,1
DA:1091,1
DA:1098,7
DA:1099,32
DA:1101,1
DA:1102,1
DA:1109,7
DA:1110,32
DA:1112,1
DA:1113,1
DA:1120,7
DA:1121,32
DA:1123,1
DA:1124,1
DA:1131,6
DA:1132,31
DA:1134,1
DA:1141,0
DA:1142,0
DA:1144,0
DA:1151,6
DA:1152,31
DA:1154,1
DA:1161,6
DA:1162,31
DA:1164,1
DA:1172,7
DA:1173,32
DA:1175,1
DA:1176,1
DA:1184,7
DA:1185,32
DA:1187,1
DA:1188,1
DA:1196,7
DA:1197,32
DA:1199,1
DA:1200,1
DA:1208,8
DA:1209,33
DA:1211,1
DA:1212,1
DA:1213,1
DA:1220,7
DA:1221,32
DA:1223,1
DA:1224,1
DA:1232,7
DA:1233,32
DA:1235,1
DA:1236,1
DA:1244,7
DA:1245,32
DA:1247,1
DA:1248,1
DA:1255,6
DA:1256,31
DA:1258,1
DA:1264,6
DA:1265,31
DA:1267,1
DA:1273,6
DA:1274,31
DA:1276,1
DA:1282,6
DA:1283,31
DA:1285,1
DA:1291,0
DA:1292,0
DA:1294,0
DA:1300,0
DA:1301,0
DA:1303,0
DA:1309,6
DA:1310,31
DA:1312,1
DA:1318,0
DA:1319,0
DA:1321,0
DA:1327,0
DA:1328,0
DA:1330,0
DA:1339,8
DA:1340,33
DA:1342,1
DA:1343,1
DA:1344,1
DA:1353,8
DA:1354,33
DA:1356,1
DA:1357,1
DA:1358,1
DA:1365,6
DA:1366,31
DA:1368,1
DA:1376,7
DA:1377,32
DA:1379,1
DA:1380,1
DA:1389,8
DA:1390,33
DA:1392,1
DA:1393,1
DA:1394,1
DA:1404,7
DA:1405,32
DA:1407,1
DA:1408,1
DA:1418,0
DA:1419,0
DA:1421,0
DA:1422,0
DA:1423,0
DA:1424,0
DA:1433,0
DA:1434,0
DA:1436,0
DA:1437,0
DA:1438,0
DA:1448,0
DA:1449,0
DA:1451,0
DA:1452,0
DA:1453,0
DA:1454,0
DA:1464,0
DA:1465,0
DA:1467,0
DA:1468,0
DA:1469,0
DA:1470,0
DA:1478,7
DA:1479,32
DA:1481,1
DA:1482,1
DA:1490,0
DA:1491,0
DA:1493,0
DA:1494,0
DA:1502,0
DA:1503,0
DA:1505,0
DA:1506,0
DA:1514,7
DA:1515,32
DA:1517,1
DA:1518,1
DA:1525,7
DA:1526,32
DA:1528,1
DA:1529,1
DA:1537,7
DA:1538,32
DA:1540,1
DA:1541,1
DA:1549,7
DA:1550,32
DA:1552,1
DA:1553,1
DA:1561,7
DA:1562,32
DA:1564,1
DA:1565,1
DA:1574,7
DA:1575,32
DA:1577,1
DA:1578,1
DA:1582,0
DA:1583,0
DA:1585,0
DA:1586,0
DA:1587,0
DA:1591,0
DA:1592,0
DA:1594,0
DA:1595,0
DA:1596,0
DA:1600,0
DA:1601,0
DA:1603,0
DA:1604,0
DA:1613,0
DA:1614,0
DA:1616,0
DA:1617,0
DA:1618,0
DA:1625,6
DA:1626,31
DA:1628,1
DA:1635,0
DA:1636,0
DA:1638,0
DA:1645,0
DA:1646,0
DA:1648,0
DA:1655,0
DA:1656,0
DA:1658,0
DA:1665,0
DA:1666,0
DA:1668,0
DA:1675,0
DA:1676,0
DA:1678,0
DA:1682,0
DA:1683,0
DA:1685,0
DA:1692,0
DA:1693,0
DA:1695,0
end_of_record

SF:/workspaces/ethereum/gamma-strategies/gamma-gmx-fuzzing/test/fuzzing/contracts/deposit/Deposit.sol
DA:7,9
DA:59,6
DA:60,9
DA:63,4
DA:64,18
DA:67,6
DA:68,9
DA:71,4
DA:72,18
DA:75,6
DA:76,9
DA:79,4
DA:80,18
DA:83,6
DA:84,9
DA:87,4
DA:88,18
DA:91,6
DA:92,9
DA:95,4
DA:96,18
DA:99,6
DA:100,9
DA:103,4
DA:104,18
DA:107,6
DA:108,9
DA:111,4
DA:112,18
DA:115,6
DA:116,9
DA:119,4
DA:120,11
DA:123,6
DA:124,9
DA:127,4
DA:128,11
DA:131,6
DA:132,9
DA:135,4
DA:136,12
DA:139,6
DA:140,9
DA:143,4
DA:144,12
DA:147,6
DA:148,9
DA:151,4
DA:152,12
DA:155,6
DA:156,9
DA:159,4
DA:160,12
DA:163,6
DA:164,9
DA:167,4
DA:168,12
DA:171,6
DA:172,9
DA:175,4
DA:176,12
DA:179,6
DA:180,9
DA:183,4
DA:184,12
DA:187,6
DA:188,9
DA:191,4
DA:192,18
end_of_record

SF:/workspaces/ethereum/gamma-strategies/gamma-gmx-fuzzing/test/fuzzing/contracts/deposit/DepositEventUtils.sol
DA:13,9
DA:24,6
DA:29,1
DA:30,4
DA:32,14
DA:33,38
DA:34,38
DA:35,38
DA:36,38
DA:37,38
DA:38,38
DA:40,14
DA:41,38
DA:42,38
DA:44,14
DA:45,38
DA:46,38
DA:47,38
DA:48,38
DA:49,38
DA:50,38
DA:51,38
DA:52,41
DA:54,14
DA:55,38
DA:57,14
DA:58,34
DA:60,53
DA:62,1
DA:63,9
DA:64,1
DA:68,9
DA:76,1
DA:77,4
DA:79,14
DA:80,34
DA:82,14
DA:83,34
DA:85,14
DA:86,34
DA:87,34
DA:88,34
DA:89,41
DA:91,53
DA:93,1
DA:94,5
DA:95,1
DA:99,7
DA:105,1
DA:106,4
DA:108,14
DA:109,34
DA:111,14
DA:112,34
DA:114,14
DA:115,34
DA:117,14
DA:118,34
DA:120,53
DA:122,1
DA:123,5
DA:124,1
end_of_record

SF:/workspaces/ethereum/gamma-strategies/gamma-gmx-fuzzing/test/fuzzing/contracts/deposit/DepositStoreUtils.sol
DA:14,9
DA:17,81
DA:18,81
DA:19,81
DA:20,81
DA:21,81
DA:22,81
DA:23,81
DA:24,81
DA:25,81
DA:27,81
DA:28,81
DA:29,81
DA:30,81
DA:31,81
DA:32,81
DA:33,81
DA:35,81
DA:37,11
DA:38,4
DA:39,70
DA:40,0
DA:43,75
DA:44,30
DA:47,75
DA:48,30
DA:51,75
DA:52,30
DA:55,75
DA:56,30
DA:59,75
DA:60,30
DA:63,75
DA:64,30
DA:67,75
DA:68,30
DA:71,79
DA:72,30
DA:75,79
DA:76,30
DA:79,75
DA:80,30
DA:83,75
DA:84,30
DA:87,75
DA:88,30
DA:91,75
DA:92,30
DA:95,75
DA:96,30
DA:99,75
DA:100,30
DA:103,75
DA:104,30
DA:107,75
DA:108,30
DA:111,4
DA:114,5
DA:115,52
DA:117,1
DA:120,52
DA:121,9
DA:122,1
DA:125,68
DA:126,30
DA:127,5
DA:130,68
DA:131,30
DA:132,5
DA:135,68
DA:136,30
DA:137,5
DA:140,68
DA:141,30
DA:142,5
DA:145,68
DA:146,30
DA:147,5
DA:150,68
DA:151,30
DA:152,5
DA:155,68
DA:156,30
DA:157,5
DA:160,52
DA:161,30
DA:162,5
DA:165,52
DA:166,30
DA:167,5
DA:170,68
DA:171,30
DA:172,5
DA:175,68
DA:176,30
DA:177,5
DA:180,68
DA:181,30
DA:182,5
DA:185,68
DA:186,30
DA:187,5
DA:190,68
DA:191,30
DA:192,5
DA:195,68
DA:196,30
DA:197,5
DA:200,68
DA:201,30
DA:202,5
DA:205,68
DA:206,30
DA:207,5
DA:211,5
DA:212,70
DA:213,0
DA:216,52
DA:218,1
DA:221,52
DA:222,5
DA:223,1
DA:226,51
DA:227,30
DA:230,51
DA:231,30
DA:234,51
DA:235,30
DA:238,51
DA:239,30
DA:242,51
DA:243,30
DA:246,51
DA:247,30
DA:250,51
DA:251,30
DA:254,51
DA:255,30
DA:258,51
DA:259,30
DA:262,51
DA:263,30
DA:266,51
DA:267,30
DA:270,51
DA:271,30
DA:274,51
DA:275,30
DA:278,51
DA:279,30
DA:282,51
DA:283,30
DA:286,51
DA:287,30
DA:290,51
DA:291,30
end_of_record

SF:/workspaces/ethereum/gamma-strategies/gamma-gmx-fuzzing/test/fuzzing/contracts/deposit/DepositUtils.sol
DA:21,9
DA:68,9
DA:74,1
DA:75,5
DA:77,12
DA:78,9
DA:79,9
DA:83,73
DA:84,73
DA:86,8
DA:88,16
DA:89,13
DA:90,14
DA:91,0
DA:92,1
DA:93,70
DA:94,10
DA:95,0
DA:98,9
DA:101,12
DA:102,0
DA:105,8
DA:107,22
DA:108,57
DA:109,1
DA:110,4
DA:111,4
DA:112,4
DA:113,4
DA:114,4
DA:115,4
DA:116,4
DA:117,4
DA:119,35
DA:120,1
DA:121,1
DA:122,4
DA:123,4
DA:124,4
DA:125,4
DA:126,4
DA:128,13
DA:129,4
DA:133,10
DA:135,9
DA:136,7
DA:137,18
DA:139,11
DA:141,8
DA:143,7
DA:145,8
DA:147,11
DA:158,10
DA:167,2
DA:169,17
DA:171,9
DA:172,14
DA:173,0
DA:176,4
DA:177,12
DA:178,0
DA:180,0
DA:183,11
DA:185,11
DA:186,54
DA:187,5
DA:188,5
DA:189,5
DA:190,5
DA:194,11
DA:195,54
DA:196,5
DA:197,5
DA:198,5
DA:199,5
DA:203,4
DA:204,1
DA:205,1
DA:206,5
DA:207,1
DA:208,1
DA:211,4
DA:212,7
DA:214,4
DA:215,1
DA:216,1
DA:217,1
DA:218,1
DA:219,5
DA:220,5
DA:221,1
DA:222,22
DA:223,1
DA:224,5
end_of_record

SF:/workspaces/ethereum/gamma-strategies/gamma-gmx-fuzzing/test/fuzzing/contracts/deposit/DepositVault.sol
DA:9,59
DA:10,0
end_of_record

SF:/workspaces/ethereum/gamma-strategies/gamma-gmx-fuzzing/test/fuzzing/contracts/deposit/ExecuteDepositUtils.sol
DA:27,9
DA:100,0
DA:104,7
DA:106,27
DA:108,17
DA:111,14
DA:112,0
DA:115,72
DA:116,21
DA:117,62
DA:118,5
DA:122,4
DA:123,76
DA:124,70
DA:126,24
DA:127,22
DA:128,4
DA:129,5
DA:130,4
DA:134,20
DA:136,10
DA:138,19
DA:140,4
DA:141,4
DA:142,4
DA:143,7
DA:146,4
DA:147,4
DA:148,4
DA:149,4
DA:150,4
DA:159,4
DA:160,4
DA:161,4
DA:162,4
DA:167,12
DA:168,1
DA:169,5
DA:170,5
DA:171,5
DA:172,7
DA:173,7
DA:174,5
DA:177,12
DA:178,1
DA:179,5
DA:180,5
DA:181,5
DA:182,7
DA:183,7
DA:184,5
DA:187,15
DA:188,0
DA:191,29
DA:192,29
DA:194,12
DA:195,51
DA:196,4
DA:197,4
DA:198,7
DA:199,7
DA:200,11
DA:201,11
DA:202,8
DA:203,8
DA:204,4
DA:208,11
DA:209,60
DA:210,4
DA:211,5
DA:212,5
DA:213,5
DA:214,7
DA:215,7
DA:216,7
DA:217,7
DA:218,4
DA:219,26
DA:222,25
DA:225,11
DA:226,60
DA:227,4
DA:228,5
DA:229,5
DA:230,5
DA:231,7
DA:232,7
DA:233,7
DA:234,7
DA:235,4
DA:236,26
DA:239,25
DA:242,14
DA:243,0
DA:248,12
DA:250,4
DA:251,4
DA:252,4
DA:253,5
DA:254,4
DA:255,4
DA:256,4
DA:257,4
DA:260,7
DA:261,4
DA:262,4
DA:263,7
DA:264,7
DA:265,7
DA:267,1
DA:270,19
DA:272,4
DA:273,4
DA:274,27
DA:275,4
DA:276,7
DA:277,1
DA:278,4
DA:281,17
DA:282,40
DA:283,13
DA:285,4
DA:286,4
DA:287,4
DA:288,4
DA:289,4
DA:290,5
DA:291,5
DA:292,4
DA:293,22
DA:294,4
DA:295,5
DA:298,8
DA:304,7
DA:307,7
DA:308,4
DA:309,7
DA:310,4
DA:311,6
DA:312,4
DA:313,4
DA:316,4
DA:317,4
DA:318,4
DA:319,7
DA:320,4
DA:321,4
DA:325,4
DA:326,4
DA:327,4
DA:328,4
DA:329,7
DA:330,4
DA:331,4
DA:335,4
DA:336,4
DA:337,4
DA:338,7
DA:339,4
DA:340,7
DA:342,1
DA:345,1
DA:347,7
DA:348,4
DA:349,4
DA:350,75
DA:351,30
DA:352,30
DA:354,1
DA:357,10
DA:358,0
DA:361,11
DA:363,14
DA:365,15
DA:366,0
DA:369,4
DA:370,4
DA:371,4
DA:372,7
DA:373,1
DA:374,1
DA:398,15
DA:399,0
DA:402,10
DA:417,0
DA:418,0
DA:419,0
DA:420,0
DA:421,0
DA:422,0
DA:423,0
DA:436,0
DA:437,0
DA:438,0
DA:439,0
DA:443,0
DA:444,0
DA:445,0
DA:446,0
DA:447,0
DA:448,0
DA:460,0
DA:461,0
DA:462,0
DA:463,0
DA:467,10
DA:473,0
DA:474,0
DA:475,0
DA:476,0
DA:477,0
DA:478,0
DA:479,0
DA:482,0
DA:485,13
DA:486,17
DA:487,1
DA:488,1
DA:491,5
DA:492,4
DA:493,4
DA:494,4
DA:495,4
DA:496,18
DA:499,4
DA:500,4
DA:501,4
DA:502,4
DA:503,7
DA:506,4
DA:507,4
DA:508,4
DA:509,4
DA:512,63
DA:514,8
DA:517,11
DA:525,1
DA:526,7
DA:527,4
DA:528,1
DA:531,10
DA:532,71
DA:533,4
DA:534,4
DA:535,4
DA:536,4
DA:537,4
DA:538,1
DA:539,1
DA:540,1
DA:541,1
DA:542,1
DA:543,1
DA:544,1
DA:548,10
DA:549,0
DA:552,9
DA:554,6
DA:562,6
DA:566,0
DA:567,11
DA:570,8
DA:572,0
DA:575,0
DA:577,0
DA:578,0
DA:581,0
DA:582,0
end_of_record

SF:/workspaces/ethereum/gamma-strategies/gamma-gmx-fuzzing/test/fuzzing/contracts/error/ErrorUtils.sol
DA:5,9
DA:7,8
DA:9,8
DA:10,20
DA:13,8
DA:17,14
DA:19,5
DA:22,23
DA:26,19
DA:29,6
DA:30,1
DA:33,6
DA:36,4
DA:39,0
DA:40,0
DA:42,0
DA:43,0
DA:45,0
DA:49,1
DA:51,5
DA:53,5
end_of_record

SF:/workspaces/ethereum/gamma-strategies/gamma-gmx-fuzzing/test/fuzzing/contracts/error/Errors.sol
DA:5,9
end_of_record

SF:/workspaces/ethereum/gamma-strategies/gamma-gmx-fuzzing/test/fuzzing/contracts/event/EventEmitter.sol
DA:14,71
DA:39,0
DA:44,23
DA:48,33
DA:49,1
DA:50,1
DA:51,1
DA:52,1
DA:60,24
DA:65,33
DA:66,1
DA:67,1
DA:68,1
DA:69,1
DA:70,1
DA:79,25
DA:85,33
DA:86,1
DA:87,1
DA:88,1
DA:89,1
DA:90,1
DA:91,1
DA:97,0
DA:98,0
DA:99,0
DA:100,0
DA:108,0
DA:109,0
DA:110,0
DA:111,0
DA:120,0
DA:121,0
DA:122,0
DA:123,0
DA:133,0
DA:134,0
DA:135,0
DA:136,0
end_of_record

SF:/workspaces/ethereum/gamma-strategies/gamma-gmx-fuzzing/test/fuzzing/contracts/event/EventUtils.sol
DA:5,9
DA:129,4
DA:130,58
DA:133,4
DA:134,58
DA:137,6
DA:138,25
DA:139,32
DA:142,6
DA:143,25
DA:144,25
DA:147,4
DA:148,58
DA:155,6
DA:156,25
DA:157,26
DA:165,4
DA:166,58
DA:173,6
DA:174,25
DA:175,26
DA:183,4
DA:184,58
DA:191,6
DA:192,25
DA:193,32
DA:201,4
DA:202,58
DA:209,6
DA:210,25
DA:211,26
DA:219,4
DA:220,58
DA:227,6
DA:228,25
DA:229,25
DA:237,4
DA:238,58
DA:245,6
DA:246,25
DA:247,25
end_of_record

SF:/workspaces/ethereum/gamma-strategies/gamma-gmx-fuzzing/test/fuzzing/contracts/exchange/AdlHandler.sol
DA:9,59
DA:27,0
DA:36,0
DA:37,0
DA:38,0
DA:39,0
DA:40,0
DA:41,0
DA:42,0
DA:49,31
DA:56,1
DA:58,4
DA:59,1
DA:60,1
DA:61,1
DA:62,1
DA:63,1
DA:81,34
DA:91,1
DA:92,3
DA:93,4
DA:95,9
DA:97,4
DA:98,1
DA:99,1
DA:100,1
DA:101,1
DA:104,32
DA:105,1
DA:106,1
DA:107,1
DA:108,1
DA:112,7
DA:113,0
DA:116,12
DA:117,55
DA:118,1
DA:119,1
DA:120,1
DA:121,1
DA:122,1
DA:123,1
DA:124,1
DA:125,4
DA:126,59
DA:130,12
DA:132,7
DA:133,4
DA:134,1
DA:135,1
DA:136,4
DA:137,1
DA:140,31
DA:142,5
DA:145,17
DA:146,12
DA:147,0
DA:150,15
DA:152,17
DA:153,0
end_of_record

SF:/workspaces/ethereum/gamma-strategies/gamma-gmx-fuzzing/test/fuzzing/contracts/exchange/BaseHandler.sol
DA:12,0
DA:13,0
DA:15,0
DA:20,0
DA:21,0
DA:24,1
DA:25,68
DA:26,10
DA:27,0
DA:31,4
DA:34,2
DA:35,68
DA:36,14
DA:37,7
DA:38,25
end_of_record

SF:/workspaces/ethereum/gamma-strategies/gamma-gmx-fuzzing/test/fuzzing/contracts/exchange/BaseOrderHandler.sol
DA:23,0
DA:28,0
DA:29,0
DA:30,0
DA:32,0
DA:40,0
DA:41,0
DA:42,0
DA:43,0
DA:48,9
DA:54,4
DA:55,4
DA:57,9
DA:58,8
DA:59,11
DA:60,1
DA:61,8
DA:64,18
DA:65,18
DA:66,18
DA:67,18
DA:68,18
DA:69,18
DA:71,67
DA:72,67
DA:74,17
DA:75,26
DA:78,15
DA:79,9
DA:81,25
DA:83,4
end_of_record

SF:/workspaces/ethereum/gamma-strategies/gamma-gmx-fuzzing/test/fuzzing/contracts/exchange/DepositHandler.sol
DA:19,62
DA:22,0
DA:24,0
DA:30,0
DA:31,0
DA:37,46
DA:40,1
DA:41,10
DA:43,11
DA:44,1
DA:45,1
DA:46,1
DA:47,1
DA:48,1
DA:54,25
DA:55,4
DA:57,4
DA:58,9
DA:60,10
DA:62,21
DA:63,5
DA:67,15
DA:68,1
DA:69,1
DA:70,1
DA:71,1
DA:72,5
DA:73,1
DA:74,17
DA:82,30
DA:88,1
DA:89,4
DA:90,4
DA:92,9
DA:93,9
DA:94,7
DA:96,9
DA:98,96
DA:99,1
DA:100,1
DA:101,1
DA:103,1
DA:104,4
DA:105,1
DA:106,1
DA:107,1
DA:115,0
DA:121,0
DA:123,0
DA:124,0
DA:126,0
DA:127,0
DA:128,0
DA:129,0
DA:137,31
DA:141,2
DA:142,4
DA:144,10
DA:146,65
DA:147,1
DA:148,1
DA:149,1
DA:150,1
DA:151,1
DA:152,1
DA:153,1
DA:154,1
DA:155,1
DA:158,7
DA:165,5
DA:169,2
DA:170,6
DA:172,8
DA:174,4
DA:175,15
DA:176,11
DA:177,11
DA:179,4
DA:182,9
DA:184,4
DA:185,1
DA:186,1
DA:187,1
DA:188,1
DA:189,1
DA:190,1
DA:191,1
DA:192,1
end_of_record

SF:/workspaces/ethereum/gamma-strategies/gamma-gmx-fuzzing/test/fuzzing/contracts/exchange/IDepositHandler.sol
end_of_record

SF:/workspaces/ethereum/gamma-strategies/gamma-gmx-fuzzing/test/fuzzing/contracts/exchange/IGlvHandler.sol
end_of_record

SF:/workspaces/ethereum/gamma-strategies/gamma-gmx-fuzzing/test/fuzzing/contracts/exchange/IOrderHandler.sol
end_of_record

SF:/workspaces/ethereum/gamma-strategies/gamma-gmx-fuzzing/test/fuzzing/contracts/exchange/IShiftHandler.sol
end_of_record

SF:/workspaces/ethereum/gamma-strategies/gamma-gmx-fuzzing/test/fuzzing/contracts/exchange/IWithdrawalHandler.sol
end_of_record

SF:/workspaces/ethereum/gamma-strategies/gamma-gmx-fuzzing/test/fuzzing/contracts/exchange/LiquidationHandler.sol
DA:9,54
DA:14,0
DA:23,0
DA:24,0
DA:25,0
DA:26,0
DA:27,0
DA:28,0
DA:29,0
DA:38,33
DA:47,1
DA:48,4
DA:49,4
DA:51,44
DA:53,7
DA:54,1
DA:55,1
DA:56,1
DA:57,1
DA:58,1
DA:59,1
DA:62,9
DA:64,7
DA:65,1
DA:66,1
DA:67,1
DA:68,1
DA:69,1
DA:72,31
DA:74,5
end_of_record

SF:/workspaces/ethereum/gamma-strategies/gamma-gmx-fuzzing/test/fuzzing/contracts/exchange/OrderHandler.sol
DA:11,94
DA:16,0
DA:25,0
DA:26,0
DA:27,0
DA:28,0
DA:29,0
DA:30,0
DA:31,0
DA:37,46
DA:40,1
DA:41,30
DA:43,11
DA:44,1
DA:45,1
DA:46,1
DA:47,1
DA:48,1
DA:49,1
DA:76,0
DA:84,0
DA:85,0
DA:87,0
DA:88,0
DA:91,0
DA:92,0
DA:93,0
DA:94,0
DA:95,0
DA:96,0
DA:100,0
DA:101,0
DA:102,0
DA:104,0
DA:105,0
DA:106,0
DA:108,0
DA:110,0
DA:112,0
DA:114,0
DA:115,0
DA:117,0
DA:118,0
DA:119,0
DA:120,0
DA:121,0
DA:122,0
DA:123,0
DA:124,0
DA:125,0
DA:137,32
DA:138,4
DA:140,4
DA:141,9
DA:143,22
DA:145,13
DA:146,21
DA:147,5
DA:152,4
DA:153,65
DA:154,1
DA:155,1
DA:156,1
DA:157,1
DA:158,5
DA:159,1
DA:160,1
DA:161,17
DA:170,0
DA:176,0
DA:178,0
DA:179,0
DA:181,0
DA:182,0
DA:183,0
DA:184,0
DA:191,30
DA:197,1
DA:198,4
DA:199,4
DA:201,9
DA:202,9
DA:203,7
DA:205,9
DA:207,96
DA:208,1
DA:209,1
DA:210,1
DA:212,1
DA:213,7
DA:222,31
DA:226,2
DA:227,4
DA:229,7
DA:230,1
DA:231,1
DA:232,1
DA:233,1
DA:234,1
DA:240,41
DA:241,5
DA:244,31
DA:246,5
DA:254,6
DA:258,4
DA:259,6
DA:261,8
DA:263,9
DA:264,12
DA:266,4
DA:267,45
DA:270,5
DA:277,19
DA:278,11
DA:290,11
DA:291,11
DA:292,11
DA:295,11
DA:296,11
DA:298,4
DA:301,9
DA:303,4
DA:304,16
DA:305,11
DA:306,11
DA:307,11
DA:309,4
DA:310,53
DA:311,1
DA:312,1
DA:313,1
DA:314,1
DA:315,1
DA:316,1
DA:317,1
DA:318,1
DA:319,1
DA:323,6
DA:337,4
DA:338,1
DA:339,1
DA:340,1
DA:341,1
DA:342,1
DA:343,1
DA:344,1
DA:345,1
DA:351,3
DA:352,70
DA:353,0
end_of_record

SF:/workspaces/ethereum/gamma-strategies/gamma-gmx-fuzzing/test/fuzzing/contracts/exchange/ShiftHandler.sol
DA:11,48
DA:14,0
DA:16,0
DA:22,0
DA:23,0
DA:26,0
DA:29,0
DA:30,0
DA:32,0
DA:33,0
DA:34,0
DA:35,0
DA:36,0
DA:37,0
DA:41,0
DA:42,0
DA:44,0
DA:45,0
DA:47,0
DA:49,0
DA:50,0
DA:54,0
DA:55,0
DA:56,0
DA:57,0
DA:58,0
DA:59,0
DA:60,0
DA:61,0
DA:66,0
DA:72,0
DA:73,0
DA:74,0
DA:76,0
DA:77,0
DA:78,0
DA:80,0
DA:82,0
DA:83,0
DA:84,0
DA:85,0
DA:87,0
DA:88,0
DA:89,0
DA:90,0
DA:91,0
DA:96,0
DA:102,0
DA:104,0
DA:105,0
DA:107,0
DA:108,0
DA:109,0
DA:110,0
DA:114,0
DA:118,0
DA:119,0
DA:121,0
DA:123,0
DA:124,0
DA:125,0
DA:126,0
DA:127,0
DA:128,0
DA:129,0
DA:130,0
DA:133,0
DA:136,0
DA:140,0
DA:141,0
DA:143,0
DA:145,0
DA:146,0
DA:147,0
DA:149,0
DA:152,0
DA:154,0
DA:155,0
DA:156,0
DA:157,0
DA:158,0
DA:159,0
DA:160,0
DA:161,0
DA:162,0
end_of_record

SF:/workspaces/ethereum/gamma-strategies/gamma-gmx-fuzzing/test/fuzzing/contracts/exchange/WithdrawalHandler.sol
DA:21,79
DA:24,0
DA:26,0
DA:32,0
DA:33,0
DA:39,46
DA:42,1
DA:43,10
DA:45,11
DA:46,1
DA:47,1
DA:48,1
DA:49,1
DA:50,1
DA:56,32
DA:57,4
DA:59,4
DA:60,9
DA:62,10
DA:64,21
DA:65,5
DA:69,16
DA:70,1
DA:71,1
DA:72,1
DA:73,1
DA:74,5
DA:75,1
DA:76,17
DA:84,30
DA:91,1
DA:92,4
DA:93,4
DA:95,44
DA:97,9
DA:98,9
DA:99,7
DA:101,9
DA:103,95
DA:104,1
DA:105,1
DA:106,1
DA:107,1
DA:109,0
DA:110,3
DA:111,1
DA:112,1
DA:113,1
DA:123,25
DA:131,1
DA:132,0
DA:133,10
DA:135,44
DA:137,3
DA:138,20
DA:139,0
DA:141,21
DA:142,13
DA:143,13
DA:147,0
DA:148,0
DA:149,0
DA:150,0
DA:151,0
DA:152,0
DA:155,0
DA:157,0
DA:158,0
DA:159,0
DA:160,0
DA:161,0
DA:168,0
DA:175,0
DA:177,0
DA:178,0
DA:180,0
DA:182,0
DA:183,0
DA:184,0
DA:185,0
DA:186,0
DA:194,32
DA:199,2
DA:200,4
DA:202,10
DA:204,59
DA:205,1
DA:206,1
DA:207,1
DA:208,1
DA:209,1
DA:210,1
DA:211,1
DA:212,1
DA:215,6
DA:218,1
DA:222,0
DA:223,6
DA:225,8
DA:227,4
DA:228,15
DA:229,11
DA:230,11
DA:233,4
DA:236,9
DA:238,3
DA:239,1
DA:240,1
DA:241,1
DA:242,1
DA:243,1
DA:244,1
DA:245,1
DA:246,1
end_of_record

SF:/workspaces/ethereum/gamma-strategies/gamma-gmx-fuzzing/test/fuzzing/contracts/external/ExternalHandler.sol
DA:24,28
DA:32,0
DA:38,0
DA:39,0
DA:42,0
DA:43,0
DA:46,0
DA:47,0
DA:48,0
DA:49,0
DA:53,0
DA:54,0
DA:55,0
DA:56,0
DA:57,0
DA:62,0
DA:65,0
DA:66,0
DA:67,0
DA:70,0
DA:72,0
DA:73,0
end_of_record

SF:/workspaces/ethereum/gamma-strategies/gamma-gmx-fuzzing/test/fuzzing/contracts/external/IExternalHandler.sol
end_of_record

SF:/workspaces/ethereum/gamma-strategies/gamma-gmx-fuzzing/test/fuzzing/contracts/feature/FeatureUtils.sol
DA:16,9
DA:21,7
DA:22,68
DA:28,4
DA:29,10
DA:30,0
end_of_record

SF:/workspaces/ethereum/gamma-strategies/gamma-gmx-fuzzing/test/fuzzing/contracts/fee/FeeBatch.sol
DA:7,9
end_of_record

SF:/workspaces/ethereum/gamma-strategies/gamma-gmx-fuzzing/test/fuzzing/contracts/fee/FeeBatchStoreUtils.sol
DA:14,9
end_of_record

SF:/workspaces/ethereum/gamma-strategies/gamma-gmx-fuzzing/test/fuzzing/contracts/fee/FeeHandler.sol
DA:12,43
DA:13,0
DA:14,0
DA:16,0
DA:20,0
DA:21,0
DA:22,0
DA:28,0
DA:31,0
DA:32,0
DA:33,0
DA:36,0
DA:38,0
DA:39,0
DA:40,0
DA:41,0
DA:42,0
DA:43,0
DA:44,0
end_of_record

SF:/workspaces/ethereum/gamma-strategies/gamma-gmx-fuzzing/test/fuzzing/contracts/fee/FeeSwapUtils.sol
DA:17,9
end_of_record

SF:/workspaces/ethereum/gamma-strategies/gamma-gmx-fuzzing/test/fuzzing/contracts/fee/FeeUtils.sol
DA:18,9
DA:34,9
DA:41,2
DA:42,5
DA:43,1
DA:46,9
DA:48,70
DA:49,1
DA:50,1
DA:53,4
DA:54,1
DA:55,1
DA:56,1
DA:57,1
DA:58,1
DA:59,1
DA:63,10
DA:71,0
DA:72,5
DA:73,1
DA:76,0
DA:77,0
DA:78,0
DA:81,0
DA:82,0
DA:83,0
DA:86,0
DA:87,0
DA:88,0
DA:89,0
DA:90,0
DA:91,0
DA:92,0
DA:93,0
DA:94,0
DA:104,0
DA:110,0
DA:111,0
DA:113,0
DA:115,0
DA:116,0
DA:118,0
DA:119,0
DA:120,0
DA:121,0
[...]
DA:7,0
DA:8,0
DA:18,0
DA:20,0
DA:21,0
DA:22,0
DA:23,0
DA:30,0
DA:31,0
DA:32,0
DA:33,0
DA:34,0
DA:35,0
DA:37,0
DA:38,0
DA:39,0
DA:42,0
DA:43,0
DA:44,0
DA:47,0
DA:48,0
DA:49,0
DA:52,0
DA:53,0
DA:54,0
DA:57,0
DA:58,0
DA:59,0
DA:62,0
DA:63,0
DA:64,0
DA:72,0
DA:74,0
DA:77,0
DA:80,0
DA:83,0
DA:90,0
DA:91,0
DA:93,0
DA:94,0
DA:96,0
DA:97,0
DA:99,0
DA:100,0
DA:102,0
DA:103,0
DA:105,0
DA:106,0
DA:108,0
DA:109,0
DA:111,0
DA:112,0
DA:115,0
DA:116,0
DA:117,0
DA:119,0
DA:120,0
DA:122,0
DA:123,0
DA:125,0
DA:126,0
DA:129,0
DA:130,0
DA:132,0
DA:133,0
DA:135,0
DA:136,0
DA:138,0
DA:139,0
DA:141,0
DA:142,0
DA:144,0
DA:145,0
DA:147,0
DA:148,0
DA:150,0
DA:151,0
DA:154,0
DA:155,0
DA:157,0
DA:158,0
DA:160,0
DA:161,0
DA:163,0
DA:164,0
DA:166,0
DA:167,0
DA:169,0
DA:170,0
DA:172,0
DA:173,0
DA:175,0
DA:176,0
DA:178,0
DA:179,0
DA:181,0
DA:182,0
DA:184,0
DA:185,0
DA:187,0
DA:188,0
DA:190,0
DA:191,0
DA:193,0
DA:194,0
DA:196,0
DA:197,0
DA:199,0
DA:200,0
DA:202,0
DA:203,0
DA:205,0
DA:206,0
DA:208,0
DA:209,0
DA:211,0
DA:212,0
DA:214,0
DA:215,0
DA:217,0
DA:218,0
DA:220,0
DA:221,0
DA:223,0
DA:224,0
DA:226,0
DA:227,0
DA:229,0
DA:230,0
DA:232,0
DA:233,0
DA:235,0
DA:236,0
DA:238,0
DA:239,0
DA:241,0
DA:242,0
DA:244,0
DA:245,0
DA:247,0
DA:248,0
DA:250,0
DA:251,0
DA:253,0
DA:254,0
DA:256,0
DA:257,0
DA:259,0
DA:260,0
DA:262,0
DA:263,0
DA:265,0
DA:266,0
DA:269,0
DA:270,0
DA:272,0
DA:273,0
DA:276,0
DA:277,0
DA:279,0
DA:280,0
DA:283,0
DA:284,0
DA:286,0
DA:287,0
DA:289,0
DA:290,0
DA:292,0
DA:293,0
DA:295,0
DA:296,0
DA:298,0
DA:299,0
DA:305,0
DA:307,0
DA:308,0
DA:309,0
DA:310,0
DA:313,0
DA:314,0
DA:315,0
DA:316,0
DA:317,0
DA:320,0
DA:321,0
DA:322,0
DA:323,0
DA:324,0
DA:327,0
DA:328,0
DA:329,0
DA:330,0
DA:331,0
DA:342,0
DA:343,0
DA:346,0
DA:364,0
DA:365,0
DA:366,0
DA:369,0
DA:370,0
DA:371,0
DA:372,0
DA:375,0
DA:381,0
DA:382,0
DA:384,0
DA:385,0
DA:386,0
DA:387,0
DA:388,0
DA:389,0
DA:390,0
DA:391,0
DA:392,0
DA:393,0
DA:395,0
DA:396,0
DA:398,0
DA:399,0
DA:402,0
DA:403,0
DA:405,0
DA:406,0
DA:408,0
DA:409,0
DA:410,0
DA:411,0
DA:414,0
DA:416,0
DA:417,0
DA:419,0
DA:420,0
DA:423,0
DA:424,0
DA:426,0
DA:427,0
DA:429,0
DA:430,0
DA:432,0
DA:433,0
DA:435,0
DA:436,0
DA:439,0
DA:440,0
DA:442,0
DA:443,0
DA:445,0
DA:446,0
DA:448,0
DA:449,0
DA:452,0
DA:453,0
DA:454,0
DA:455,0
DA:456,0
DA:459,0
DA:460,0
DA:462,0
DA:463,0
DA:465,0
DA:466,0
DA:468,0
DA:469,0
DA:471,0
DA:472,0
DA:474,0
DA:475,0
DA:477,0
DA:478,0
DA:480,0
DA:481,0
DA:484,0
DA:486,0
DA:487,0
DA:488,0
DA:489,0
DA:492,0
DA:493,0
DA:495,0
DA:496,0
DA:499,0
DA:500,0
DA:502,0
DA:503,0
DA:505,0
DA:506,0
DA:508,0
DA:509,0
DA:511,0
DA:512,0
DA:514,0
DA:515,0
DA:517,0
DA:518,0
DA:520,0
DA:521,0
DA:523,0
DA:524,0
DA:526,0
DA:527,0
DA:530,0
DA:531,0
DA:533,0
DA:534,0
DA:536,0
DA:537,0
DA:539,0
DA:540,0
DA:542,0
DA:543,0
DA:545,0
DA:546,0
DA:548,0
DA:549,0
DA:551,0
DA:552,0
DA:554,0
DA:555,0
DA:557,0
DA:558,0
DA:561,0
DA:562,0
DA:564,0
DA:565,0
DA:567,0
DA:568,0
DA:570,0
DA:571,0
DA:574,0
DA:575,0
DA:577,0
DA:578,0
DA:580,0
DA:581,0
DA:583,0
DA:584,0
DA:587,0
DA:588,0
DA:590,0
DA:591,0
DA:593,0
DA:594,0
DA:596,0
DA:597,0
DA:604,0
DA:605,0
DA:607,0
DA:608,0
DA:610,0
DA:611,0
DA:613,0
DA:614,0
DA:617,0
DA:618,0
DA:620,0
DA:621,0
DA:623,0
DA:624,0
DA:626,0
DA:627,0
DA:629,0
DA:630,0
DA:632,0
DA:633,0
DA:635,0
DA:636,0
DA:638,0
DA:639,0
DA:642,0
DA:643,0
DA:645,0
DA:646,0
DA:648,0
DA:649,0
DA:651,0
DA:652,0
DA:655,0
DA:656,0
DA:658,0
DA:659,0
DA:661,0
DA:662,0
DA:664,0
DA:665,0
DA:672,0
DA:673,0
DA:674,0
DA:676,0
DA:677,0
DA:678,0
DA:679,0
DA:681,0
DA:682,0
DA:683,0
DA:684,0
DA:685,0
DA:686,0
DA:687,0
DA:688,0
DA:690,0
DA:692,0
DA:693,0
DA:695,0
DA:696,0
DA:702,0
DA:703,0
DA:704,0
DA:705,0
DA:706,0
DA:707,0
DA:708,0
DA:710,0
DA:712,0
DA:718,0
DA:719,0
DA:720,0
DA:721,0
DA:722,0
DA:723,0
DA:724,0
DA:726,0
DA:727,0
DA:728,0
DA:736,0
DA:737,0
DA:738,0
DA:739,0
DA:740,0
DA:741,0
DA:742,0
DA:744,0
DA:746,0
DA:747,0
DA:748,0
DA:749,0
DA:750,0
DA:751,0
DA:752,0
DA:753,0
DA:756,0
DA:758,0
DA:760,0
DA:762,0
DA:763,0
DA:764,0
DA:765,0
DA:766,0
DA:767,0
DA:768,0
DA:769,0
DA:770,0
DA:771,0
DA:774,0
DA:775,0
DA:776,0
DA:777,0
DA:781,0
DA:782,0
DA:784,0
DA:785,0
DA:786,0
DA:787,0
DA:788,0
DA:789,0
DA:790,0
DA:791,0
DA:793,0
DA:794,0
DA:795,0
DA:800,0
DA:801,0
DA:807,0
DA:808,0
DA:809,0
DA:810,0
DA:811,0
DA:812,0
DA:813,0
DA:815,0
DA:816,0
DA:817,0
DA:818,0
DA:822,0
DA:823,0
DA:824,0
DA:825,0
DA:826,0
DA:827,0
DA:829,0
DA:830,0
DA:832,0
DA:833,0
DA:834,0
DA:835,0
DA:837,0
DA:838,0
DA:839,0
DA:843,0
DA:846,0
DA:851,0
DA:853,0
DA:854,0
DA:855,0
DA:856,0
DA:861,0
DA:863,0
DA:864,0
DA:865,0
DA:866,0
DA:871,0
DA:873,0
DA:874,0
DA:875,0
DA:876,0
DA:881,0
DA:883,0
DA:884,0
DA:885,0
DA:886,0
DA:895,0
DA:896,0
DA:898,0
DA:899,0
DA:900,0
DA:902,0
DA:903,0
DA:905,0
DA:906,0
DA:907,0
DA:909,0
DA:910,0
DA:912,0
DA:913,0
DA:914,0
DA:916,0
DA:917,0
DA:919,0
DA:920,0
DA:921,0
DA:923,0
DA:924,0
DA:926,0
DA:927,0
DA:929,0
DA:930,0
DA:932,0
DA:933,0
DA:934,0
DA:936,0
DA:937,0
DA:939,0
DA:940,0
DA:941,0
DA:943,0
DA:944,0
DA:946,0
DA:947,0
DA:948,0
DA:950,0
DA:951,0
DA:953,0
DA:954,0
DA:955,0
DA:957,0
DA:958,0
DA:960,0
DA:961,0
DA:962,0
DA:964,0
DA:965,0
DA:967,0
DA:968,0
DA:969,0
DA:971,0
DA:972,0
DA:974,0
DA:975,0
DA:976,0
DA:978,0
DA:979,0
DA:981,0
DA:982,0
DA:983,0
DA:986,0
DA:987,0
DA:990,0
DA:991,0
DA:992,0
DA:994,0
DA:995,0
DA:998,0
DA:999,0
DA:1000,0
DA:1002,0
DA:1003,0
DA:1006,0
DA:1007,0
DA:1008,0
DA:1010,0
DA:1011,0
DA:1014,0
DA:1015,0
DA:1016,0
DA:1018,0
DA:1019,0
DA:1021,0
DA:1022,0
DA:1023,0
DA:1025,0
DA:1026,0
DA:1028,0
DA:1029,0
DA:1030,0
DA:1032,0
DA:1033,0
DA:1036,0
DA:1037,0
DA:1038,0
DA:1040,0
DA:1041,0
DA:1044,0
DA:1045,0
DA:1046,0
DA:1048,0
DA:1049,0
DA:1052,0
DA:1053,0
DA:1054,0
DA:1056,0
DA:1057,0
DA:1060,0
DA:1061,0
DA:1062,0
DA:1064,0
DA:1065,0
DA:1067,0
DA:1068,0
DA:1070,0
DA:1071,0
DA:1073,0
DA:1074,0
DA:1076,0
DA:1077,0
DA:1079,0
DA:1080,0
DA:1081,0
DA:1083,0
DA:1084,0
DA:1086,0
DA:1087,0
DA:1088,0
DA:1091,0
DA:1092,0
DA:1094,0
DA:1095,0
DA:1096,0
DA:1099,0
DA:1100,0
DA:1102,0
DA:1103,0
DA:1104,0
DA:1107,0
DA:1108,0
DA:1110,0
DA:1111,0
DA:1114,0
DA:1115,0
DA:1117,0
DA:1118,0
DA:1121,0
DA:1122,0
DA:1124,0
DA:1125,0
DA:1128,0
DA:1129,0
DA:1131,0
DA:1132,0
DA:1135,0
DA:1136,0
DA:1138,0
DA:1139,0
DA:1141,0
DA:1142,0
DA:1144,0
DA:1145,0
DA:1147,0
DA:1148,0
DA:1150,0
DA:1151,0
DA:1153,0
DA:1154,0
DA:1156,0
DA:1157,0
DA:1159,0
DA:1160,0
DA:1162,0
DA:1163,0
DA:1170,0
DA:1171,0
DA:1173,0
DA:1174,0
DA:1175,0
DA:1177,0
DA:1178,0
DA:1180,0
DA:1181,0
DA:1182,0
DA:1184,0
DA:1185,0
DA:1187,0
DA:1188,0
DA:1189,0
DA:1191,0
DA:1192,0
DA:1194,0
DA:1195,0
DA:1196,0
DA:1198,0
DA:1199,0
DA:1201,0
DA:1202,0
DA:1204,0
DA:1205,0
DA:1207,0
DA:1208,0
DA:1209,0
DA:1211,0
DA:1212,0
DA:1214,0
DA:1215,0
DA:1216,0
DA:1218,0
DA:1219,0
DA:1221,0
DA:1222,0
DA:1223,0
DA:1225,0
DA:1226,0
DA:1228,0
DA:1229,0
DA:1230,0
DA:1232,0
DA:1233,0
DA:1235,0
DA:1236,0
DA:1237,0
DA:1239,0
DA:1240,0
DA:1242,0
DA:1243,0
DA:1244,0
DA:1246,0
DA:1247,0
DA:1249,0
DA:1250,0
DA:1251,0
DA:1253,0
DA:1254,0
DA:1256,0
DA:1257,0
DA:1258,0
DA:1261,0
DA:1262,0
DA:1265,0
DA:1266,0
DA:1267,0
DA:1269,0
DA:1270,0
DA:1273,0
DA:1274,0
DA:1275,0
DA:1277,0
DA:1278,0
DA:1281,0
DA:1282,0
DA:1283,0
DA:1285,0
DA:1286,0
DA:1289,0
DA:1290,0
DA:1291,0
DA:1293,0
DA:1294,0
DA:1296,0
DA:1297,0
DA:1298,0
DA:1300,0
DA:1301,0
DA:1303,0
DA:1304,0
DA:1305,0
DA:1307,0
DA:1308,0
DA:1311,0
DA:1312,0
DA:1313,0
DA:1315,0
DA:1316,0
DA:1319,0
DA:1320,0
DA:1321,0
DA:1323,0
DA:1324,0
DA:1327,0
DA:1328,0
DA:1329,0
DA:1331,0
DA:1332,0
DA:1335,0
DA:1336,0
DA:1337,0
DA:1339,0
DA:1340,0
DA:1342,0
DA:1343,0
DA:1345,0
DA:1346,0
DA:1348,0
DA:1349,0
DA:1351,0
DA:1352,0
DA:1354,0
DA:1355,0
DA:1356,0
DA:1358,0
DA:1359,0
DA:1361,0
DA:1362,0
DA:1363,0
DA:1366,0
DA:1367,0
DA:1369,0
DA:1370,0
DA:1371,0
DA:1374,0
DA:1375,0
DA:1377,0
DA:1378,0
DA:1379,0
DA:1382,0
DA:1383,0
DA:1385,0
DA:1386,0
DA:1388,0
DA:1389,0
DA:1391,0
DA:1392,0
DA:1395,0
DA:1396,0
DA:1398,0
DA:1399,0
DA:1401,0
DA:1402,0
DA:1404,0
DA:1405,0
DA:1408,0
DA:1409,0
DA:1411,0
DA:1412,0
DA:1414,0
DA:1415,0
DA:1417,0
DA:1418,0
DA:1420,0
DA:1421,0
DA:1423,0
DA:1424,0
DA:1426,0
DA:1427,0
DA:1429,0
DA:1430,0
DA:1432,0
DA:1433,0
DA:1435,0
DA:1436,0
DA:1442,0
DA:1443,0
DA:1445,0
DA:1446,0
DA:1448,0
DA:1449,0
DA:1451,0
DA:1452,0
DA:1453,0
DA:1455,0
DA:1456,0
DA:1458,0
DA:1459,0
DA:1460,0
DA:1462,0
DA:1463,0
DA:1465,0
DA:1466,0
DA:1467,0
DA:1469,0
DA:1470,0
DA:1472,0
DA:1473,0
DA:1474,0
DA:1481,0
DA:1482,0
DA:1484,0
DA:1485,0
DA:1486,0
DA:1488,0
DA:1489,0
DA:1491,0
DA:1492,0
DA:1493,0
DA:1495,0
DA:1496,0
DA:1498,0
DA:1499,0
DA:1500,0
DA:1502,0
DA:1503,0
DA:1505,0
DA:1506,0
DA:1507,0
DA:1509,0
DA:1510,0
DA:1512,0
DA:1513,0
DA:1515,0
DA:1516,0
DA:1518,0
DA:1519,0
DA:1520,0
DA:1522,0
DA:1523,0
DA:1525,0
DA:1526,0
DA:1527,0
DA:1529,0
DA:1530,0
DA:1532,0
DA:1533,0
DA:1534,0
DA:1536,0
DA:1537,0
DA:1539,0
DA:1540,0
DA:1541,0
DA:1543,0
DA:1544,0
DA:1546,0
DA:1547,0
DA:1548,0
DA:1550,0
DA:1551,0
DA:1553,0
DA:1554,0
DA:1555,0
DA:1557,0
DA:1558,0
DA:1560,0
DA:1561,0
DA:1562,0
DA:1564,0
DA:1565,0
DA:1567,0
DA:1568,0
DA:1569,0
DA:1572,0
DA:1573,0
DA:1576,0
DA:1577,0
DA:1578,0
DA:1580,0
DA:1581,0
DA:1584,0
DA:1585,0
DA:1586,0
DA:1588,0
DA:1589,0
DA:1592,0
DA:1593,0
DA:1594,0
DA:1596,0
DA:1597,0
DA:1600,0
DA:1601,0
DA:1602,0
DA:1604,0
DA:1605,0
DA:1607,0
DA:1608,0
DA:1609,0
DA:1611,0
DA:1612,0
DA:1614,0
DA:1615,0
DA:1616,0
DA:1618,0
DA:1619,0
DA:1622,0
DA:1623,0
DA:1624,0
DA:1626,0
DA:1627,0
DA:1630,0
DA:1631,0
DA:1632,0
DA:1634,0
DA:1635,0
DA:1638,0
DA:1639,0
DA:1640,0
DA:1642,0
DA:1643,0
DA:1646,0
DA:1647,0
DA:1648,0
DA:1650,0
DA:1651,0
DA:1653,0
DA:1654,0
DA:1656,0
DA:1657,0
DA:1659,0
DA:1660,0
DA:1662,0
DA:1663,0
DA:1665,0
DA:1666,0
DA:1667,0
DA:1669,0
DA:1670,0
DA:1672,0
DA:1673,0
DA:1674,0
DA:1677,0
DA:1678,0
DA:1680,0
DA:1681,0
DA:1682,0
DA:1685,0
DA:1686,0
DA:1688,0
DA:1689,0
DA:1690,0
DA:1693,0
DA:1694,0
DA:1696,0
DA:1697,0
DA:1700,0
DA:1701,0
DA:1703,0
DA:1704,0
DA:1707,0
DA:1708,0
DA:1710,0
DA:1711,0
DA:1713,0
DA:1714,0
DA:1716,0
DA:1717,0
DA:1720,0
DA:1721,0
DA:1723,0
DA:1724,0
DA:1726,0
DA:1727,0
DA:1729,0
DA:1730,0
DA:1732,0
DA:1733,0
DA:1735,0
DA:1736,0
DA:1738,0
DA:1739,0
DA:1741,0
DA:1742,0
DA:1744,0
DA:1745,0
DA:1747,0
DA:1748,0
DA:1752,0
DA:1753,0
DA:1755,0
DA:1756,0
DA:1758,0
DA:1759,0
DA:1761,0
DA:1762,0
DA:1766,0
DA:1767,0
DA:1768,0
DA:1769,0
DA:1770,0
DA:1771,0
DA:1772,0
DA:1773,0
DA:1774,0
DA:1775,0
DA:1776,0
DA:1777,0
DA:1778,0
DA:1779,0
DA:1780,0
DA:1781,0
DA:1782,0
DA:1785,0
DA:1786,0
DA:1789,0
DA:1790,0
DA:1792,0
DA:1794,0
DA:1795,0
DA:1796,0
DA:1797,0
DA:1798,0
DA:1799,0
DA:1800,0
DA:1801,0
DA:1802,0
DA:1803,0
DA:1806,0
DA:1807,0
DA:1808,0
DA:1809,0
DA:1810,0
DA:1813,0
DA:1815,0
DA:1816,0
DA:1817,0
DA:1819,0
DA:1820,0
DA:1821,0
DA:1822,0
DA:1823,0
DA:1824,0
DA:1826,0
DA:1827,0
DA:1828,0
DA:1829,0
DA:1830,0
DA:1835,0
DA:1836,0
DA:1838,0
DA:1839,0
DA:1840,0
DA:1841,0
DA:1842,0
DA:1843,0
DA:1844,0
DA:1845,0
DA:1846,0
DA:1847,0
DA:1850,0
DA:1851,0
DA:1852,0
DA:1853,0
DA:1854,0
DA:1857,0
DA:1859,0
DA:1860,0
DA:1861,0
DA:1863,0
DA:1864,0
DA:1865,0
DA:1866,0
DA:1867,0
DA:1868,0
DA:1870,0
DA:1871,0
DA:1872,0
DA:1873,0
DA:1874,0
DA:1879,0
DA:1880,0
DA:1881,0
DA:1882,0
DA:1883,0
DA:1884,0
DA:1885,0
DA:1886,0
DA:1887,0
DA:1888,0
DA:1889,0
DA:1892,0
DA:1893,0
DA:1894,0
DA:1895,0
DA:1896,0
DA:1899,0
DA:1901,0
DA:1902,0
DA:1903,0
DA:1905,0
DA:1906,0
DA:1907,0
DA:1908,0
DA:1909,0
DA:1910,0
DA:1912,0
DA:1913,0
DA:1914,0
DA:1915,0
DA:1916,0
DA:1921,0
DA:1922,0
DA:1923,0
DA:1924,0
DA:1925,0
DA:1926,0
DA:1927,0
DA:1928,0
DA:1929,0
DA:1930,0
DA:1931,0
DA:1934,0
DA:1935,0
DA:1936,0
DA:1937,0
DA:1938,0
DA:1941,0
DA:1943,0
DA:1944,0
DA:1945,0
DA:1947,0
DA:1948,0
DA:1949,0
DA:1950,0
DA:1951,0
DA:1952,0
DA:1954,0
DA:1955,0
DA:1956,0
DA:1957,0
DA:1958,0
DA:1963,0
DA:1964,0
DA:1965,0
DA:1966,0
DA:1967,0
DA:1968,0
DA:1969,0
DA:1970,0
DA:1971,0
DA:1972,0
DA:1973,0
DA:1976,0
DA:1977,0
DA:1978,0
DA:1979,0
DA:1980,0
DA:1983,0
DA:1985,0
DA:1986,0
DA:1987,0
DA:1989,0
DA:1990,0
DA:1991,0
DA:1992,0
DA:1993,0
DA:1994,0
DA:1996,0
DA:1997,0
DA:1998,0
DA:1999,0
DA:2000,0
DA:2005,0
DA:2006,0
DA:2007,0
DA:2008,0
DA:2009,0
DA:2010,0
DA:2011,0
DA:2012,0
DA:2013,0
DA:2014,0
DA:2015,0
DA:2018,0
DA:2019,0
DA:2020,0
DA:2021,0
DA:2022,0
DA:2025,0
DA:2027,0
DA:2028,0
DA:2029,0
DA:2031,0
DA:2032,0
DA:2033,0
DA:2034,0
DA:2035,0
DA:2036,0
DA:2038,0
DA:2039,0
DA:2040,0
DA:2041,0
DA:2042,0
DA:2047,0
DA:2049,0
DA:2050,0
DA:2051,0
DA:2053,0
DA:2054,0
DA:2055,0
DA:2058,0
DA:2059,0
DA:2060,0
DA:2061,0
DA:2073,12
DA:2074,96
DA:2075,96
DA:2076,96
DA:2078,58
DA:2079,11
DA:2080,11
DA:2081,1
DA:2082,1
DA:2086,0
DA:2087,0
DA:2088,0
DA:2089,0
DA:2090,0
DA:2091,0
DA:2092,0
DA:2093,0
DA:2094,0
DA:2095,0
DA:2096,0
DA:2097,0
DA:2100,0
DA:2101,0
DA:2102,0
DA:2103,0
DA:2104,0
DA:2108,0
DA:2109,0
DA:2110,0
DA:2111,0
DA:2112,0
DA:2113,0
DA:2114,0
DA:2115,0
DA:2116,0
DA:2117,0
DA:2118,0
DA:2119,0
DA:2123,0
DA:2124,0
DA:2125,0
DA:2126,0
DA:2127,0
DA:2128,0
DA:2129,0
DA:2130,0
DA:2143,0
DA:2145,0
DA:2146,0
DA:2147,0
DA:2150,0
DA:2151,0
DA:2152,0
DA:2155,0
DA:2156,0
DA:2158,0
DA:2159,0
DA:2161,0
DA:2162,0
DA:2164,0
DA:2165,0
DA:2167,0
DA:2168,0
DA:2170,0
DA:2171,0
DA:2173,0
DA:2174,0
end_of_record

SF:/workspaces/ethereum/gamma-strategies/gamma-gmx-fuzzing/test/fuzzing/echidna/setup/FuzzStorageVars.sol
DA:260,0
DA:369,64
DA:371,41
DA:373,41
DA:374,41
DA:375,41
DA:381,41
DA:382,41
DA:383,41
DA:392,41
DA:393,41
DA:394,41
DA:396,41
DA:397,41
DA:398,41
DA:414,41
DA:420,41
DA:423,0
end_of_record

SF:/workspaces/ethereum/gamma-strategies/gamma-gmx-fuzzing/test/fuzzing/echidna/setup/GasFeeCallbackReceiver.sol
DA:12,79
DA:13,23
DA:18,24
DA:24,24
DA:30,0
DA:36,0
DA:42,0
DA:48,0
DA:54,24
DA:60,24
DA:66,24
DA:72,29
DA:73,41
end_of_record

SF:/workspaces/ethereum/gamma-strategies/gamma-gmx-fuzzing/test/fuzzing/echidna/utils/FunctionCalls.sol
DA:49,9
DA:54,4
DA:55,46
DA:56,3
DA:57,1
DA:60,11
DA:61,51
DA:62,74
DA:65,7
DA:68,3
DA:69,40
DA:70,3
DA:73,51
DA:74,72
DA:77,9
DA:82,4
DA:83,47
DA:84,3
DA:85,1
DA:86,1
DA:89,18
DA:90,51
DA:91,74
DA:95,0
DA:99,0
DA:100,0
DA:101,0
DA:102,0
DA:104,0
DA:105,0
DA:107,0
DA:110,0
DA:113,0
DA:114,0
DA:115,0
DA:116,0
DA:118,0
DA:119,0
DA:121,0
DA:124,0
DA:129,0
DA:130,0
DA:131,0
DA:132,0
DA:133,0
DA:136,0
DA:138,0
DA:139,0
DA:140,0
DA:142,0
DA:143,0
DA:145,0
DA:148,0
DA:154,0
DA:155,0
DA:156,0
DA:158,0
DA:159,0
DA:160,0
DA:162,0
DA:163,0
DA:165,0
DA:168,0
DA:174,0
DA:175,0
DA:176,0
DA:178,0
DA:179,0
DA:180,0
DA:182,0
DA:183,0
DA:185,0
DA:188,0
DA:193,0
DA:194,0
DA:195,0
DA:198,0
DA:199,0
DA:200,0
DA:202,0
DA:203,0
DA:205,0
DA:208,0
DA:213,0
DA:214,0
DA:215,0
DA:216,0
DA:217,0
DA:220,0
DA:222,0
DA:223,0
DA:224,0
DA:225,0
DA:226,0
DA:227,0
DA:230,0
DA:231,0
DA:233,0
DA:234,0
DA:235,0
DA:236,0
DA:237,0
DA:241,0
DA:248,0
DA:249,0
DA:251,0
DA:252,0
DA:253,0
DA:254,0
DA:255,0
DA:256,0
DA:260,0
DA:261,0
DA:262,0
DA:264,0
DA:265,0
DA:267,0
DA:270,0
DA:275,0
DA:276,0
DA:277,0
DA:278,0
DA:279,0
DA:282,0
DA:285,0
DA:286,0
DA:287,0
DA:289,0
DA:290,0
DA:292,0
DA:295,0
DA:300,0
DA:301,0
DA:302,0
DA:303,0
DA:306,0
DA:307,0
DA:308,0
DA:309,0
DA:310,0
DA:311,0
DA:314,0
DA:315,0
DA:317,0
end_of_record

SF:/workspaces/ethereum/gamma-strategies/gamma-gmx-fuzzing/test/fuzzing/echidna/utils/FuzzActors.sol
DA:7,0
DA:9,0
DA:10,0
DA:11,0
DA:12,0
DA:13,0
DA:14,0
DA:16,0
DA:18,0
DA:19,0
DA:20,0
DA:21,0
DA:22,0
DA:23,0
DA:25,0
DA:26,0
DA:27,0
DA:28,0
DA:29,0
DA:30,0
DA:32,0
DA:33,0
DA:35,0
DA:36,0
DA:37,0
DA:38,0
DA:39,0
DA:40,0
DA:41,0
DA:42,0
DA:43,0
DA:44,0
DA:45,0
DA:46,0
DA:47,0
DA:48,0
DA:50,0
DA:51,0
DA:52,0
DA:53,0
DA:54,0
DA:55,0
DA:56,0
DA:57,0
DA:58,0
DA:59,0
DA:60,0
DA:61,0
DA:62,0
DA:63,0
DA:64,0
end_of_record

SF:/workspaces/ethereum/gamma-strategies/gamma-gmx-fuzzing/test/fuzzing/echidna/utils/FuzzUtils.sol
DA:4,6
DA:5,0
DA:6,0
DA:7,0
DA:8,0
DA:9,0
DA:12,0
DA:16,0
DA:17,0
DA:18,0
DA:21,0
DA:25,0
DA:26,0
DA:27,0
end_of_record

SF:/workspaces/ethereum/gamma-strategies/gamma-gmx-fuzzing/test/mock/MockData.sol
DA:7,43
DA:14,0
DA:17,0
DA:19,0
DA:20,0
DA:21,0
DA:23,0
DA:24,0
DA:25,0
DA:27,0
DA:28,0
DA:29,0
DA:33,0
DA:34,0
DA:35,0
DA:36,0
DA:37,0
DA:38,0
DA:41,0
DA:44,0
DA:47,0
DA:49,0
DA:50,0
DA:51,0
DA:52,0
DA:53,0
DA:54,0
DA:56,0
DA:57,0
DA:59,0
DA:60,0
DA:61,0
DA:63,0
DA:64,0
DA:68,0
DA:70,0
DA:71,0
DA:72,0
DA:75,0
DA:77,0
DA:78,0
DA:79,0
DA:81,0
DA:82,0
DA:83,0
DA:84,0
DA:86,0
DA:87,0
DA:88,0
DA:92,0
DA:93,0
end_of_record

SF:/workspaces/ethereum/gamma-strategies/gamma-gmx-fuzzing/test/mock/MockGMXUtils.sol
DA:30,229
DA:56,0
DA:57,0
DA:59,27
DA:61,0
DA:62,0
DA:64,0
DA:65,0
DA:67,0
DA:68,27
DA:70,0
DA:71,27
DA:73,0
DA:74,27
DA:76,0
DA:77,27
DA:79,0
DA:80,27
DA:82,0
DA:83,27
DA:85,0
DA:86,27
DA:88,0
DA:89,27
DA:91,0
DA:92,27
DA:94,0
DA:96,6
DA:98,2
DA:100,0
DA:102,0
DA:103,0
DA:105,0
DA:106,0
DA:107,0
DA:108,0
DA:110,0
DA:111,0
DA:112,0
DA:114,73
DA:120,40
DA:122,32
DA:124,52
DA:125,18
DA:131,0
DA:140,0
DA:141,0
DA:142,0
DA:144,0
DA:145,0
DA:146,0
DA:147,0
DA:148,0
DA:149,0
DA:150,0
DA:161,47
DA:164,4
DA:165,8
DA:166,4
DA:167,29
DA:168,1
DA:169,1
DA:170,1
DA:171,1
DA:172,1
DA:175,84
DA:176,11
DA:177,11
DA:178,1
DA:179,1
DA:180,1
DA:181,1
DA:182,1
DA:184,1
DA:185,12
DA:186,2
DA:187,40
DA:188,7
DA:189,4
DA:190,10
DA:191,16
DA:192,7
DA:193,13
DA:194,7
DA:196,2
DA:197,34
DA:198,7
DA:199,15
DA:200,10
DA:201,16
DA:202,7
DA:203,13
DA:204,7
DA:207,4
DA:208,29
DA:209,10
DA:210,10
DA:211,10
DA:215,1
DA:216,10
DA:220,49
DA:226,1
DA:227,84
DA:228,11
DA:229,11
DA:230,1
DA:231,1
DA:232,1
DA:233,1
DA:234,1
DA:236,1
DA:237,11
DA:238,0
DA:239,0
DA:242,32
DA:243,1
DA:244,10
DA:246,3
DA:247,23
DA:249,10
DA:250,10
DA:254,1
DA:255,6
DA:257,8
DA:258,71
DA:260,11
DA:261,1
DA:262,1
DA:263,1
DA:264,1
DA:267,8
DA:270,48
DA:274,1
DA:275,8
DA:276,5
DA:278,84
DA:279,11
DA:280,11
DA:281,1
DA:282,1
DA:283,1
DA:284,1
DA:285,1
DA:288,7
DA:296,45
DA:298,1
DA:299,107
DA:307,5
DA:309,4
DA:310,90
DA:320,47
DA:324,2
DA:325,78
DA:326,6
DA:327,26
DA:330,16
DA:338,45
DA:340,4
DA:341,4
DA:342,79
DA:343,11
DA:344,1
DA:346,72
DA:347,72
DA:348,4
DA:350,72
DA:351,4
DA:353,72
DA:354,4
DA:356,6
DA:365,46
DA:368,6
DA:369,78
DA:372,4
DA:373,9
DA:374,81
DA:375,1
DA:376,78
DA:379,78
DA:380,1
DA:381,23
DA:382,2
DA:383,81
DA:384,1
DA:385,23
DA:386,2
DA:387,81
DA:388,1
DA:389,21
DA:390,0
DA:391,0
DA:392,0
DA:393,21
DA:394,0
DA:395,0
DA:396,0
DA:397,20
DA:398,2
DA:399,81
DA:400,1
DA:403,2
DA:404,7
DA:405,21
DA:416,33
DA:420,7
DA:421,1
DA:424,29
DA:425,50
DA:426,50
DA:427,32
DA:428,32
DA:429,79
DA:430,11
DA:431,7
DA:433,29
DA:434,29
DA:435,6
DA:436,96
DA:437,1
DA:438,17
DA:439,33
DA:441,31
DA:444,9
DA:445,25
DA:446,1
DA:447,7
DA:448,7
DA:449,7
DA:454,1
DA:455,1
DA:456,4
DA:457,28
DA:458,23
DA:460,26
DA:461,26
DA:464,47
DA:466,7
DA:467,7
DA:468,7
DA:469,1
DA:470,1
DA:471,13
DA:473,70
DA:474,1
DA:475,1
DA:476,1
DA:478,46
DA:487,33
DA:491,3
DA:492,47
DA:494,7
DA:495,7
DA:496,7
DA:497,1
DA:498,1
DA:499,13
DA:501,63
DA:502,1
DA:503,7
DA:504,1
DA:506,46
DA:515,0
DA:519,0
DA:525,0
DA:536,0
DA:537,0
DA:538,0
DA:546,0
DA:547,0
DA:548,0
DA:549,0
DA:579,46
DA:582,1
DA:583,20
DA:584,13
DA:585,1
DA:586,4
DA:587,1
DA:588,3
DA:589,4
DA:594,9
DA:595,36
DA:597,3
DA:598,82
DA:602,64
DA:603,11
DA:604,1
DA:606,4
DA:607,22
DA:608,17
DA:610,16
DA:611,11
DA:612,4
DA:614,63
DA:615,4
DA:616,11
DA:617,4
DA:619,26
DA:620,11
DA:622,3
DA:623,47
DA:624,11
DA:625,11
DA:626,1
DA:627,1
DA:628,4
DA:629,4
DA:630,4
DA:633,3
DA:634,35
DA:635,4
DA:636,4
DA:638,1
DA:639,4
DA:640,1
DA:641,4
DA:642,4
DA:644,62
DA:645,1
DA:646,1
DA:647,1
DA:648,1
DA:651,4
DA:652,1
DA:653,1
DA:657,82
DA:658,1
DA:661,23
DA:662,8
DA:663,10
DA:673,45
DA:675,1
DA:676,20
DA:677,13
DA:678,1
DA:679,4
DA:680,1
DA:681,3
DA:682,4
DA:685,64
DA:686,11
DA:687,1
DA:689,3
DA:690,47
DA:691,11
DA:692,11
DA:693,1
DA:694,1
DA:695,4
DA:696,4
DA:697,29
DA:699,3
DA:700,35
DA:701,1
DA:702,1
DA:703,1
DA:704,1
DA:705,1
DA:706,4
DA:707,1
DA:709,62
DA:710,1
DA:711,1
DA:712,1
DA:713,1
DA:716,4
DA:717,1
DA:718,1
DA:721,80
DA:722,8
DA:723,23
DA:724,8
DA:732,0
DA:733,0
DA:734,0
DA:735,0
DA:738,0
DA:744,0
DA:745,0
DA:748,0
DA:749,0
DA:752,0
DA:753,0
DA:761,0
DA:762,0
DA:763,0
DA:764,0
end_of_record

